// Error code definitions for module "spaacisds/src"

#ifndef SPAACISDS_ABL_ERRMOD_INCLUDED
#define SPAACISDS_ABL_ERRMOD_INCLUDED

#include "errorbase.hxx"
#include "errmsg.hxx"

#include "importexport.h"
#ifdef __SPAAcisDs
extern EXPORT_SYMBOL message_module spaacisds_abl_errmod;

#else
extern IMPORT_SYMBOL message_module spaacisds_abl_errmod;

#endif
#define ABL_FIRST_ERR_MSG spaacisds_abl_errmod.message_code(0)
#define ABL_ATTRIB_BAD_PROC spaacisds_abl_errmod.message_code(1)
#define ABL_BAD_EE_START_PT spaacisds_abl_errmod.message_code(2)
#define ABL_BAD_EF_START_PT spaacisds_abl_errmod.message_code(3)
#define ABL_BAD_FF_START_PT spaacisds_abl_errmod.message_code(4)
#define ABL_BAD_VF_START_PT spaacisds_abl_errmod.message_code(5)
#define ABL_BAD_VE_START_PT spaacisds_abl_errmod.message_code(6)
#define ABL_BAD_RAD_FCN spaacisds_abl_errmod.message_code(7)
#define ABL_NO_GEOM spaacisds_abl_errmod.message_code(8)
#define ABL_NO_GEOM_EE spaacisds_abl_errmod.message_code(9)
#define ABL_NO_GEOM_EF spaacisds_abl_errmod.message_code(10)
#define ABL_NO_GEOM_FF spaacisds_abl_errmod.message_code(11)
#define ABL_NO_GEOM_VF spaacisds_abl_errmod.message_code(12)
#define ABL_NO_GEOM_VE spaacisds_abl_errmod.message_code(13)
#define ABL_RADIUS_SMALL spaacisds_abl_errmod.message_code(14)
#define ABL_RADIUS_BIG spaacisds_abl_errmod.message_code(15)
#define ABL_GEOM_NOT_IMPL spaacisds_abl_errmod.message_code(16)
#define ABL_GEOM_NOT_IMPL_VE spaacisds_abl_errmod.message_code(17)
#define ABL_GEOM_NOT_IMPL_VF spaacisds_abl_errmod.message_code(18)
#define ABL_GEOM_NOT_IMPL_VV spaacisds_abl_errmod.message_code(19)
#define ABL_GEOM_SELF_MITRE spaacisds_abl_errmod.message_code(20)
#define ABL_GEOM_EDGE_STAT spaacisds_abl_errmod.message_code(21)
#define ABL_CHG_PT_COMPLEX spaacisds_abl_errmod.message_code(22)
#define ABL_CHG_PT_COMPLEX_EDGE spaacisds_abl_errmod.message_code(23)
#define ABL_CHG_PT_COMPLEX_FACE spaacisds_abl_errmod.message_code(24)
#define ABL_CHG_PT_COMPLEX_VERT spaacisds_abl_errmod.message_code(25)
#define ABL_TRANS_COMPLEX spaacisds_abl_errmod.message_code(26)
#define ABL_TRANS_COMPLEX_EDGE spaacisds_abl_errmod.message_code(27)
#define ABL_TRANS_COMPLEX_FACE spaacisds_abl_errmod.message_code(28)
#define ABL_TRANS_COMPLEX_VERT spaacisds_abl_errmod.message_code(29)
#define ABL_CVXTY_VIOLATION spaacisds_abl_errmod.message_code(30)
#define ABL_INSUFF_GEOM spaacisds_abl_errmod.message_code(31)
#define ABL_EXT_FAIL spaacisds_abl_errmod.message_code(32)
#define ABL_ENDCAP_FAIL spaacisds_abl_errmod.message_code(33)
#define ABL_SIDECAP_FAIL spaacisds_abl_errmod.message_code(34)
#define ABL_CAP_COMPLEX spaacisds_abl_errmod.message_code(35)
#define ABL_ENDCAP_COMPLEX spaacisds_abl_errmod.message_code(36)
#define ABL_SIDECAP_COMPLEX spaacisds_abl_errmod.message_code(37)
#define ABL_OFF_SUPPORT spaacisds_abl_errmod.message_code(38)
#define ABL_UNSUPP_EDGE spaacisds_abl_errmod.message_code(39)
#define ABL_NO_SEGMS spaacisds_abl_errmod.message_code(40)
#define ABL_INCONS_SEGMS spaacisds_abl_errmod.message_code(41)
#define ABL_INTERNAL_ERR spaacisds_abl_errmod.message_code(42)
#define ABL_ENT_WITH_NO_VERTS spaacisds_abl_errmod.message_code(43)
#define ABL_HLP_PT_CALC_FAILED spaacisds_abl_errmod.message_code(44)
#define ABL_CVX_CALC_FAILED spaacisds_abl_errmod.message_code(45)
#define ABL_CAP_COMPLEX_PROP_EDGE spaacisds_abl_errmod.message_code(46)
#define ABL_CAP_NO_REF_TO_IMPL_BLEND spaacisds_abl_errmod.message_code(47)
#define ABL_CAP_END_POINTS_BAD spaacisds_abl_errmod.message_code(48)
#define ABL_CAP_CONVEXITY_AT_ENDS_INCOMPATIBLE spaacisds_abl_errmod.message_code(49)
#define ABL_CAP_ENDS_NO_BLEND_ATT spaacisds_abl_errmod.message_code(50)
#define ABL_LAST_ERR_MSG spaacisds_abl_errmod.message_code(51)

#endif /* SPAACISDS_ABL_ERRMOD_INCLUDED */
