// Error code definitions for module "spaacisds/src"

#ifndef SPAACISDS_BLENDING_ERRMOD_INCLUDED
#define SPAACISDS_BLENDING_ERRMOD_INCLUDED

#include "errorbase.hxx"
#include "errmsg.hxx"

#include "importexport.h"
#ifdef __SPAAcisDs
extern EXPORT_SYMBOL message_module spaacisds_blending_errmod;

#else
extern IMPORT_SYMBOL message_module spaacisds_blending_errmod;

#endif
#define BL_BAD_INTERCEPT spaacisds_blending_errmod.message_code(0)
#define BL_BAD_REVERSE spaacisds_blending_errmod.message_code(1)
#define BL_BAD_SPINE spaacisds_blending_errmod.message_code(2)
#define BL_BAD_VBL_BNDRY spaacisds_blending_errmod.message_code(3)
#define BL_BAD_ZERO_BL_ED spaacisds_blending_errmod.message_code(4)
#define BL_BLEND_TOO_BIG spaacisds_blending_errmod.message_code(5)
#define BL_ILLEGAL_SPINE_FOR_EF spaacisds_blending_errmod.message_code(6)
#define BL_TOL_INTER_ED_UNHANDLED spaacisds_blending_errmod.message_code(7)
#define BL_NARROW_SUPPORT spaacisds_blending_errmod.message_code(8)
#define BL_CAP_COMPLEX spaacisds_blending_errmod.message_code(9)
#define BL_SIDECAP_COMPLEX spaacisds_blending_errmod.message_code(10)
#define BL_ENDCAP_COMPLEX spaacisds_blending_errmod.message_code(11)
#define BL_PERIODIC_ENDCAP_COMPLEX spaacisds_blending_errmod.message_code(12)
#define BL_ROLLON_SIDECAP_COMPLEX spaacisds_blending_errmod.message_code(13)
#define BL_ROLLON_ENDCAP_COMPLEX spaacisds_blending_errmod.message_code(14)
#define BL_ROLLOVER_SIDECAP_COMPLEX spaacisds_blending_errmod.message_code(15)
#define BL_ROLLOVER_ENDCAP_COMPLEX spaacisds_blending_errmod.message_code(16)
#define BL_CAP_INIT_FAILURE spaacisds_blending_errmod.message_code(17)
#define BL_CANNOT_REORDER spaacisds_blending_errmod.message_code(18)
#define BL_REORDER_INCORRECT_REMOTE_SUPPORT spaacisds_blending_errmod.message_code(19)
#define BL_CANNOT_REORDER_OPEN_END spaacisds_blending_errmod.message_code(20)
#define BL_CANNOT_REORDER_CLOSED_END spaacisds_blending_errmod.message_code(21)
#define BL_CHAMF_ERR spaacisds_blending_errmod.message_code(22)
#define BL_CHAMFER_NOT_IMPL spaacisds_blending_errmod.message_code(23)
#define BL_CHAMFER_TOO_BIG spaacisds_blending_errmod.message_code(24)
#define BL_CHAMF_SPRING_ERR spaacisds_blending_errmod.message_code(25)
#define BL_CHAMF_EDGE_ERR spaacisds_blending_errmod.message_code(26)
#define BL_CHAMF_VRTX_IN_PLANE spaacisds_blending_errmod.message_code(27)
#define BL_CHAMF_CUT_VOID spaacisds_blending_errmod.message_code(28)
#define BL_CHAMF_CUT_BODY spaacisds_blending_errmod.message_code(29)
#define BL_CHAMF_3PTS_ALIGNED spaacisds_blending_errmod.message_code(30)
#define BL_CHAMF_BAD_GRAPH spaacisds_blending_errmod.message_code(31)
#define BL_CHAMF_NO_GOOD_EDGES spaacisds_blending_errmod.message_code(32)
#define BL_CHAMF_ZERO_OFFSET spaacisds_blending_errmod.message_code(33)
#define BL_NO_FACES_OR_BODY spaacisds_blending_errmod.message_code(34)
#define BL_CI_NOT_FINITE spaacisds_blending_errmod.message_code(35)
#define BL_CURVES_DIFFER spaacisds_blending_errmod.message_code(36)
#define BL_CUSP_GEOM_TOO_CMPLX spaacisds_blending_errmod.message_code(37)
#define BL_EMPTY_INT_GRAPH spaacisds_blending_errmod.message_code(38)
#define BL_EMPTY_SEQUENCE spaacisds_blending_errmod.message_code(39)
#define BL_EMPTY_SHEET spaacisds_blending_errmod.message_code(40)
#define BL_END_TOO_CMPLX spaacisds_blending_errmod.message_code(41)
#define BL_FACES_NOT_SET spaacisds_blending_errmod.message_code(42)
#define BL_FOUR_ED_MXD spaacisds_blending_errmod.message_code(43)
#define BL_SMOOTH_LATERAL spaacisds_blending_errmod.message_code(44)
#define BL_GEOM_TOO_CMPLX spaacisds_blending_errmod.message_code(45)
#define BL_INCONS_SHEET spaacisds_blending_errmod.message_code(46)
#define BL_INT_OFF_CURVE spaacisds_blending_errmod.message_code(47)
#define BL_MITRE_AWRY spaacisds_blending_errmod.message_code(48)
#define BL_MITRE_TOO_CMPLX spaacisds_blending_errmod.message_code(49)
#define BL_NON_STANDARD_MITRE_AWRY spaacisds_blending_errmod.message_code(50)
#define BL_MITRE_NON_ADJ_INTERCEPTS spaacisds_blending_errmod.message_code(51)
#define BL_MITRE_INTERFERES_SIDECAP spaacisds_blending_errmod.message_code(52)
#define BL_MITRE_SHARED_SIDE_CMPLX spaacisds_blending_errmod.message_code(53)
#define BL_MITRE_NONSHARED_SIDE_CMPLX spaacisds_blending_errmod.message_code(54)
#define BL_MITRE_MULTI_FACE spaacisds_blending_errmod.message_code(55)
#define BL_MITRE_XCRV_FAILURE spaacisds_blending_errmod.message_code(56)
#define BL_MITRE_IMPRINT_FAILURE spaacisds_blending_errmod.message_code(57)
#define BL_MITRE_REMOVES_SPRING spaacisds_blending_errmod.message_code(58)
#define BL_NO_CAP spaacisds_blending_errmod.message_code(59)
#define BL_NO_CAP_EXTN spaacisds_blending_errmod.message_code(60)
#define BL_NO_CLEAN_INT spaacisds_blending_errmod.message_code(61)
#define BL_NO_CUTS_MIXED spaacisds_blending_errmod.message_code(62)
#define BL_NO_FACE_AT_VERT spaacisds_blending_errmod.message_code(63)
#define BL_NO_INIT spaacisds_blending_errmod.message_code(64)
#define BL_NO_MATE spaacisds_blending_errmod.message_code(65)
#define BL_NO_MITRE_MIXED spaacisds_blending_errmod.message_code(66)
#define BL_NO_PIPES spaacisds_blending_errmod.message_code(67)
#define BL_NO_PROJ_CUR spaacisds_blending_errmod.message_code(68)
#define BL_NO_SHEET_SURF spaacisds_blending_errmod.message_code(69)
#define BL_NO_SPR_CUR_INT spaacisds_blending_errmod.message_code(70)
#define BL_NO_VTX_GEOM spaacisds_blending_errmod.message_code(71)
#define BL_NO_X_CURVE spaacisds_blending_errmod.message_code(72)
#define BL_NON_EDVERT spaacisds_blending_errmod.message_code(73)
#define BL_NON_MAN_EDVERT spaacisds_blending_errmod.message_code(74)
#define BL_NON_U_CVXTY spaacisds_blending_errmod.message_code(75)
#define BL_SMOOTH_EDGE spaacisds_blending_errmod.message_code(76)
#define BL_ALL_SMOOTH_EDGES spaacisds_blending_errmod.message_code(77)
#define BL_NOT_IMPLEM spaacisds_blending_errmod.message_code(78)
#define BL_NOT_SINGLE_SOLID spaacisds_blending_errmod.message_code(79)
#define BL_OBLIQUECRVS_NOT_SAVED spaacisds_blending_errmod.message_code(80)
#define BL_ON_PROP_EDGE spaacisds_blending_errmod.message_code(81)
#define BL_ON_SH_BNDRY spaacisds_blending_errmod.message_code(82)
#define BL_OWNER_NOT_EDGE spaacisds_blending_errmod.message_code(83)
#define BL_POINT_CUR spaacisds_blending_errmod.message_code(84)
#define BL_POINT_CUR_SURF spaacisds_blending_errmod.message_code(85)
#define BL_SETBACK_MISSING spaacisds_blending_errmod.message_code(86)
#define BL_SETBACK_TOO_LARGE spaacisds_blending_errmod.message_code(87)
#define BL_STOP_CMPLX spaacisds_blending_errmod.message_code(88)
#define BL_STOPS_NOT_SAVED spaacisds_blending_errmod.message_code(89)
#define BL_TOO_MANY_SM_EDS spaacisds_blending_errmod.message_code(90)
#define BL_UNBL_VERTEX spaacisds_blending_errmod.message_code(91)
#define BL_UNFIN_SHEET spaacisds_blending_errmod.message_code(92)
#define BL_UNKNOWN_BLEND spaacisds_blending_errmod.message_code(93)
#define BL_UNKNOWN_CVXTY spaacisds_blending_errmod.message_code(94)
#define BL_VTX_EDGE_UNBL spaacisds_blending_errmod.message_code(95)
#define BL_VTX_NOT_IN_LIST spaacisds_blending_errmod.message_code(96)
#define BL_ATTRIB_BAD_PROC spaacisds_blending_errmod.message_code(97)
#define BL_INTERNAL_ERR spaacisds_blending_errmod.message_code(98)
#define BL_TRANS_COMPLEX_EDGE spaacisds_blending_errmod.message_code(99)
#define BL_TRANS_COMPLEX_FACE spaacisds_blending_errmod.message_code(100)
#define BL_TRANS_COMPLEX_VERT spaacisds_blending_errmod.message_code(101)
#define BL_CHG_PT_COMPLEX_EDGE spaacisds_blending_errmod.message_code(102)
#define BL_CHG_PT_COMPLEX_FACE spaacisds_blending_errmod.message_code(103)
#define BL_CHG_PT_COMPLEX_VERT spaacisds_blending_errmod.message_code(104)
#define BL_BLEND_FACES_INTSECT spaacisds_blending_errmod.message_code(105)
#define BL_BLEND_NPER_RAD_FCN spaacisds_blending_errmod.message_code(106)
#define BL_ASSERTION_VIOLATED spaacisds_blending_errmod.message_code(107)
#define BL_BAD_LOOP spaacisds_blending_errmod.message_code(108)
#define BL_FLD_INT_BLD_BIG spaacisds_blending_errmod.message_code(109)
#define BL_DO_M_SH_ED_CP_SG_ERR spaacisds_blending_errmod.message_code(110)
#define BL_INCOMP_RADII_AT_MERGE_VERTEX spaacisds_blending_errmod.message_code(111)
#define BL_NULL_BL_EDGE_OR_HOLDLINE spaacisds_blending_errmod.message_code(112)
#define BL_UNABLE_TO_CREATE_VRAD spaacisds_blending_errmod.message_code(113)
#define BL_UNABLE_TO_CREATE_CALIBRATION_CURVE spaacisds_blending_errmod.message_code(114)
#define BL_NON_EDGE_OR_CURVE_HOLDLINE spaacisds_blending_errmod.message_code(115)
#define BL_NO_SEQUENCES_TO_BLEND spaacisds_blending_errmod.message_code(116)
#define BL_INCONS_HOLDLINE spaacisds_blending_errmod.message_code(117)
#define BL_NO_VALID_HOLDLINE spaacisds_blending_errmod.message_code(118)
#define BL_MULT_HOLDLINE_CURVES spaacisds_blending_errmod.message_code(119)
#define BL_WRONG_INPUT spaacisds_blending_errmod.message_code(120)
#define BL_NOT_SAME_OWNER spaacisds_blending_errmod.message_code(121)
#define BL_WRONG_COEDGE_ORIENTATION spaacisds_blending_errmod.message_code(122)
#define BL_RETRY_BL_EDGES spaacisds_blending_errmod.message_code(123)
#define BL_RETRY_BL_ENT_ENT_SUCCESS spaacisds_blending_errmod.message_code(124)
#define BL_RETRY_DOMITRE_CCI spaacisds_blending_errmod.message_code(125)
#define BL_RETRY_DOMITRE_OLD_CURSSP spaacisds_blending_errmod.message_code(126)
#define BL_RETRY_VAR_RAD_1 spaacisds_blending_errmod.message_code(127)
#define BL_RETRY_VAR_RAD spaacisds_blending_errmod.message_code(128)
#define BL_RETRY_FIX_BL_INT1 spaacisds_blending_errmod.message_code(129)
#define BL_RETRY_FIX_BL_INT2 spaacisds_blending_errmod.message_code(130)
#define BL_RETRY_FIX_BL_INT3 spaacisds_blending_errmod.message_code(131)
#define BL_RETRY_FIX_BL_INT4 spaacisds_blending_errmod.message_code(132)
#define BL_RETRY_ENTENT_STAGE4 spaacisds_blending_errmod.message_code(133)
#define BL_HOLDLINE_NULL_GEOM spaacisds_blending_errmod.message_code(134)
#define BL_BLENDED_EDGE_NULL_GEOM spaacisds_blending_errmod.message_code(135)
#define BL_INVALID_FF_CONTAINMENTS spaacisds_blending_errmod.message_code(136)
#define BL_ENGULFED_SHEET_EDGE spaacisds_blending_errmod.message_code(137)
#define BL_DSCRD_REG_INCORRECT_SUBDIV spaacisds_blending_errmod.message_code(138)
#define BL_FEATURE_NOT_RETAINED spaacisds_blending_errmod.message_code(139)
#define BL_EXT_FACE_REPAIRED spaacisds_blending_errmod.message_code(140)
#define BL_SUPPORT_SEARCH_NOT_SUPPORTED spaacisds_blending_errmod.message_code(141)
#define BL_TOL_TOO_BIG spaacisds_blending_errmod.message_code(142)
#define BL_VERTEX_SPANS_FFBLEND spaacisds_blending_errmod.message_code(143)
#define BL_CROSS_CURVE_TOO_BIG spaacisds_blending_errmod.message_code(144)
#define BL_SUPP_FACE_NULL spaacisds_blending_errmod.message_code(145)
#define BL_SIMPLE_INT_FAILURE spaacisds_blending_errmod.message_code(146)
#define BL_FOR_TOO_TIGHT_CURVATURE spaacisds_blending_errmod.message_code(147)
#define BL_LARGE_TOPO_DELETION spaacisds_blending_errmod.message_code(148)
#define BL_CLOSED_SPRING_CLOSED_EDGE_MISMATCH spaacisds_blending_errmod.message_code(149)
#define BL_BLEND_GEOM_NULL spaacisds_blending_errmod.message_code(150)
#define BL_COINCIDENT_SEGENDS spaacisds_blending_errmod.message_code(151)
#define BL_FIXED_WIDTH_ENT_ENT_NOT_IMPL spaacisds_blending_errmod.message_code(152)
#define BL_SURF_CURVATURE_CHECKS_KO spaacisds_blending_errmod.message_code(153)
#define BL_QUICK_TEST_CURVE_CHECKS_KO spaacisds_blending_errmod.message_code(154)
#define BL_BLEND_SURF_FITTOL_EXCEEDS_OFFSET spaacisds_blending_errmod.message_code(155)
#define BL_OFF_SF_SF_POS_OLD_PTR_NULL spaacisds_blending_errmod.message_code(156)
#define BL_ATT_VAR_BL_LAST_SLICE_NULL spaacisds_blending_errmod.message_code(157)
#define BL_ATT_VAR_BL_FIRST_SLICE_NULL spaacisds_blending_errmod.message_code(158)
#define BL_BLEND_SURF_SLICE_TOO_BIG spaacisds_blending_errmod.message_code(159)
#define BL_IMPROPER_FF_INTS spaacisds_blending_errmod.message_code(160)
#define BL_ATT_BL_SEG_MISSING spaacisds_blending_errmod.message_code(161)
#define BL_NO_SPINE spaacisds_blending_errmod.message_code(162)
#define BL_STR_MATE_CDG_WITH_NULL_GEOM spaacisds_blending_errmod.message_code(163)
#define BL_ATT_VARBLEND_DEFERRED_MANY_TIMES spaacisds_blending_errmod.message_code(164)
#define BL_EDGE_GEOM_NOT_DEGEN_SPHERE_ATT_DEFERRED_MANY_TIMES spaacisds_blending_errmod.message_code(165)
#define BL_GEOM_NON_NULL_BUT_FFSEG_NULL spaacisds_blending_errmod.message_code(166)
#define BL_GAP_NOT_FILLED spaacisds_blending_errmod.message_code(167)
#define BL_FFSEGMENT_NULL spaacisds_blending_errmod.message_code(168)
#define BL_NEW_STR_POS_MISMATCH spaacisds_blending_errmod.message_code(169)
#define BL_NOT_ENGH_GEOM spaacisds_blending_errmod.message_code(170)
#define BL_CRS_SHT_COEDGE_WITH_NULL_ADJ_EDGES_GEOM spaacisds_blending_errmod.message_code(171)
#define BL_ATT_VBLEND_DEFERRED_MANY_TIMES spaacisds_blending_errmod.message_code(172)
#define BL_CROSS_EDGE_WITH_NO_BL_FACE spaacisds_blending_errmod.message_code(173)
#define BL_NO_SPRING_GEOM spaacisds_blending_errmod.message_code(174)
#define BL_CAP_INCORRECT_TOPOLOGY spaacisds_blending_errmod.message_code(175)
#define BL_CAP_PERIODIC_FACE_UNBOUNDED spaacisds_blending_errmod.message_code(176)
#define BL_CAP_COEDGE_INCORRECT_PARTNER spaacisds_blending_errmod.message_code(177)
#define BL_G2_CURVATURE_DISCONT spaacisds_blending_errmod.message_code(178)
#define BL_CAP_COINCIDENT_FACE_END spaacisds_blending_errmod.message_code(179)
#define BL_SEGEND_NOT_ON_REMOTE_FACE spaacisds_blending_errmod.message_code(180)
#define BL_CCFED_NARROW_SUPPORT spaacisds_blending_errmod.message_code(181)
#define ATT_EXP_REGION_NOTIFICATION_UNHANDLED spaacisds_blending_errmod.message_code(182)
#define BL_EXP_UNDEFINED_CONVEXITY spaacisds_blending_errmod.message_code(183)
#define BL_IMPLICIT_IMPRINT_NOT_IMPLEMETED spaacisds_blending_errmod.message_code(184)
#define BL_IMPLICIT_IMPRINT_NOT_SUPPORTED spaacisds_blending_errmod.message_code(185)
#define BL_RECOG_BAD_INPUT spaacisds_blending_errmod.message_code(186)
#define ATT_BL_ENT_BAD_SUPPORT spaacisds_blending_errmod.message_code(187)

#endif /* SPAACISDS_BLENDING_ERRMOD_INCLUDED */
