// Error code definitions for module "spaacisds/src"

#ifndef SPAACISDS_BOOLEAN_ERRMOD_INCLUDED
#define SPAACISDS_BOOLEAN_ERRMOD_INCLUDED

#include "errorbase.hxx"
#include "errmsg.hxx"

#include "importexport.h"
#ifdef __SPAAcisDs
extern EXPORT_SYMBOL message_module spaacisds_boolean_errmod;

#else
extern IMPORT_SYMBOL message_module spaacisds_boolean_errmod;

#endif
#define ADDTANG_PROBLEM spaacisds_boolean_errmod.message_code(0)
#define BAD_ATTRIB_TRANSFER spaacisds_boolean_errmod.message_code(1)
#define BAD_BOUNDARY_COEDGE spaacisds_boolean_errmod.message_code(2)
#define BAD_COEDGE_CONNECTIVITY spaacisds_boolean_errmod.message_code(3)
#define BAD_COEDGE_RING spaacisds_boolean_errmod.message_code(4)
#define BAD_CONTAINMENT spaacisds_boolean_errmod.message_code(5)
#define BAD_DISPOSAL spaacisds_boolean_errmod.message_code(6)
#define BAD_FACE_IN_BODY_EDGE_CRUMBLE spaacisds_boolean_errmod.message_code(7)
#define BAD_FACE_OWNERSHIP spaacisds_boolean_errmod.message_code(8)
#define BAD_INT_EDGE spaacisds_boolean_errmod.message_code(9)
#define BAD_INT_VERTEX spaacisds_boolean_errmod.message_code(10)
#define BAD_ISO_VERT_REL spaacisds_boolean_errmod.message_code(11)
#define BAD_LOOP_OWNERSHIP spaacisds_boolean_errmod.message_code(12)
#define BAD_RELINK_ENTITY spaacisds_boolean_errmod.message_code(13)
#define BODY_NO_SHELLS spaacisds_boolean_errmod.message_code(14)
#define BAD_NM_EDGE_CREATED spaacisds_boolean_errmod.message_code(15)
#define BOOL_NULL_BODY spaacisds_boolean_errmod.message_code(16)
#define COINCIDENT_WIRE spaacisds_boolean_errmod.message_code(17)
#define COIN_PLANAR_FACES spaacisds_boolean_errmod.message_code(18)
#define DIFF_GEOM_COND spaacisds_boolean_errmod.message_code(19)
#define EDGECOIN_PROBLEM spaacisds_boolean_errmod.message_code(20)
#define EDGE_EDGE_BAD_MATCH spaacisds_boolean_errmod.message_code(21)
#define EDGE_FACE_BAD_MATCH spaacisds_boolean_errmod.message_code(22)
#define EDGE_FACE_COIN spaacisds_boolean_errmod.message_code(23)
#define FACE_FACE_BAD_MATCH spaacisds_boolean_errmod.message_code(24)
#define FACE_BOUNDARY spaacisds_boolean_errmod.message_code(25)
#define FACE_NO_GEOMETRY spaacisds_boolean_errmod.message_code(26)
#define FATALLY_BAD_TOPOLOGY spaacisds_boolean_errmod.message_code(27)
#define FREE_COIN_BAD spaacisds_boolean_errmod.message_code(28)
#define IMPRINT_PROBLEM spaacisds_boolean_errmod.message_code(29)
#define INCOMPLETE_WIRE spaacisds_boolean_errmod.message_code(30)
#define INCONSISTENT_LOOPS spaacisds_boolean_errmod.message_code(31)
#define INCONS_ATTRIB spaacisds_boolean_errmod.message_code(32)
#define INCONS_BOX spaacisds_boolean_errmod.message_code(33)
#define INCONS_COIN spaacisds_boolean_errmod.message_code(34)
#define INCONS_FACE spaacisds_boolean_errmod.message_code(35)
#define INCONS_GRAPH_VERTEX spaacisds_boolean_errmod.message_code(36)
#define INCONS_REL spaacisds_boolean_errmod.message_code(37)
#define INCONS_REL_BAD_DEL spaacisds_boolean_errmod.message_code(38)
#define INCONS_SIDES spaacisds_boolean_errmod.message_code(39)
#define INCONS_VERT_ATT spaacisds_boolean_errmod.message_code(40)
#define INCONS_VERT_INT spaacisds_boolean_errmod.message_code(41)
#define INTERNAL_INCONS spaacisds_boolean_errmod.message_code(42)
#define KNOWN_REL spaacisds_boolean_errmod.message_code(43)
#define LOST_ON_EDGE spaacisds_boolean_errmod.message_code(44)
#define LOST_ON_LOOP spaacisds_boolean_errmod.message_code(45)
#define MATCH_INFO_ILLEGAL spaacisds_boolean_errmod.message_code(46)
#define MATCH_INFO_IGNORED spaacisds_boolean_errmod.message_code(47)
#define MISSING_SPAN_INFO spaacisds_boolean_errmod.message_code(48)
#define NO_ATTRIB_INTCOED spaacisds_boolean_errmod.message_code(49)
#define NO_EF_INTS spaacisds_boolean_errmod.message_code(50)
#define NO_END_BOUND spaacisds_boolean_errmod.message_code(51)
#define NO_FACE_NORMAL spaacisds_boolean_errmod.message_code(52)
#define NO_INTERSECTION_EDGES spaacisds_boolean_errmod.message_code(53)
#define NO_PCURVE_ON_COEDGE spaacisds_boolean_errmod.message_code(54)
#define NO_START_BOUND spaacisds_boolean_errmod.message_code(55)
#define NON_MANIFOLD_EDGE spaacisds_boolean_errmod.message_code(56)
#define NULL_DATUM_COEDGE spaacisds_boolean_errmod.message_code(57)
#define NULL_PARTNER_LOOP spaacisds_boolean_errmod.message_code(58)
#define NULL_TEST_LOOP spaacisds_boolean_errmod.message_code(59)
#define NULL_EDGE_VERTEX spaacisds_boolean_errmod.message_code(60)
#define OSCULATING_CURVES spaacisds_boolean_errmod.message_code(61)
#define OUTSIDE_RANGE spaacisds_boolean_errmod.message_code(62)
#define REBOOLEAN_USED spaacisds_boolean_errmod.message_code(63)
#define SAME_BLANK_AND_TOOL spaacisds_boolean_errmod.message_code(64)
#define SELF_INTERSECTING_CURVE spaacisds_boolean_errmod.message_code(65)
#define CUR_PROJECTS_ONTO_ITSELF spaacisds_boolean_errmod.message_code(66)
#define SHORT_GRAPH_EDGE spaacisds_boolean_errmod.message_code(67)
#define SINGLE_COEDGE spaacisds_boolean_errmod.message_code(68)
#define SLICE_PROBLEM spaacisds_boolean_errmod.message_code(69)
#define SLIVER_FACE_NOT_REMOVED spaacisds_boolean_errmod.message_code(70)
#define SPARE_SHELLS spaacisds_boolean_errmod.message_code(71)
#define SPLIT_AT_END spaacisds_boolean_errmod.message_code(72)
#define SPLIT_ATTR_ERROR spaacisds_boolean_errmod.message_code(73)
#define UNKNOWN_FACE_CONT spaacisds_boolean_errmod.message_code(74)
#define VERTEX_IN_BODY_EDGE_CRUMBLE spaacisds_boolean_errmod.message_code(75)
#define WIRE_EDGE_MATCH_UNSUPPORTED spaacisds_boolean_errmod.message_code(76)
#define WIRE_GRAZE spaacisds_boolean_errmod.message_code(77)
#define WIRE_NOT_IN_FACE spaacisds_boolean_errmod.message_code(78)
#define WIRE_NOT_SUPPORTED spaacisds_boolean_errmod.message_code(79)
#define NO_INPUT_POINTS spaacisds_boolean_errmod.message_code(80)
#define SI_BEHAVIOR_NOT_SUPPORTED spaacisds_boolean_errmod.message_code(81)
#define CMPLX_SHORT_EDGE spaacisds_boolean_errmod.message_code(82)
#define CMPLX_SLIVER_FACE spaacisds_boolean_errmod.message_code(83)
#define CMPLX_HUGE_ENTITY_TOL spaacisds_boolean_errmod.message_code(84)
#define CMPLX_NEAR_COI_INTERACTION spaacisds_boolean_errmod.message_code(85)
#define CMPLX_IMPROPER_INTR_IN_BODY spaacisds_boolean_errmod.message_code(86)
#define CMPLX_BAD_EDGE_EDGE_REL spaacisds_boolean_errmod.message_code(87)
#define CMPLX_LARGE_COI_FUZZ spaacisds_boolean_errmod.message_code(88)
#define CMPLX_OPEN_SOLID spaacisds_boolean_errmod.message_code(89)
#define CMPLX_TANGENCY_BLEND spaacisds_boolean_errmod.message_code(90)
#define CMPLX_UNKNOWN spaacisds_boolean_errmod.message_code(91)
#define CMPLX_OP_BAD_FP_REL spaacisds_boolean_errmod.message_code(92)
#define CMPLX_UNABLE_TO_SPLIT_FACE spaacisds_boolean_errmod.message_code(93)
#define MANY_VERTEX_TO_ONE spaacisds_boolean_errmod.message_code(94)
#define INCONS_EDGE_FACE_REL spaacisds_boolean_errmod.message_code(95)
#define N_BODY_UNITE_FAILED spaacisds_boolean_errmod.message_code(96)
#define INVALID_SPLIT_PARAM spaacisds_boolean_errmod.message_code(97)

#endif /* SPAACISDS_BOOLEAN_ERRMOD_INCLUDED */
