// Error code definitions for module "spaacisds/src"

#ifndef SPAACISDS_CURVE_ERRMOD_INCLUDED
#define SPAACISDS_CURVE_ERRMOD_INCLUDED

#include "errorbase.hxx"
#include "errmsg.hxx"

#include "importexport.h"
#ifdef __SPAAcisDs
extern EXPORT_SYMBOL message_module spaacisds_curve_errmod;

#else
extern IMPORT_SYMBOL message_module spaacisds_curve_errmod;

#endif
#define SUBSETTED_CURVE spaacisds_curve_errmod.message_code(0)
#define MIDDLE_OF_UNDEFC spaacisds_curve_errmod.message_code(1)
#define MULT_USE spaacisds_curve_errmod.message_code(2)
#define UNIMPLEMENTED_CURVE spaacisds_curve_errmod.message_code(3)
#define EVALUATE_FAILED spaacisds_curve_errmod.message_code(4)
#define MAKE_APPROX_CURVE_FAILED spaacisds_curve_errmod.message_code(5)
#define BAD_TANGENT spaacisds_curve_errmod.message_code(6)
#define NOT_ALL_DERIVATIVES_FOUND spaacisds_curve_errmod.message_code(7)
#define STR_ZERO_DIRECTION spaacisds_curve_errmod.message_code(8)
#define MAKE_BS3_FROM_SUMMARY_FAILED spaacisds_curve_errmod.message_code(9)
#define INCONSISTENT_SAVE_APPROX_LEVEL spaacisds_curve_errmod.message_code(10)
#define GLOBAL_CACHE_MANAGER_ERROR spaacisds_curve_errmod.message_code(11)
#define NEAR_ZERO_PARAM_PERIOD spaacisds_curve_errmod.message_code(12)
#define INVALID_DISC_CALC_ORDER spaacisds_curve_errmod.message_code(13)
#define CURVE_BAD_PARAM_OR_CURATURE_MAX_FAILURE spaacisds_curve_errmod.message_code(14)
#define EXACT_CUR_NO_BS3 spaacisds_curve_errmod.message_code(15)
#define CURVE_ZERO_DERIVATIVE spaacisds_curve_errmod.message_code(16)
#define NOT_EXACT_CURVE_LENGTH spaacisds_curve_errmod.message_code(17)
#define NOT_EXACT_LENGTH_PARAM spaacisds_curve_errmod.message_code(18)

#endif /* SPAACISDS_CURVE_ERRMOD_INCLUDED */
