// Error code definitions for module "spaacisds/src"

#ifndef SPAACISDS_DATA_ERRMOD_INCLUDED
#define SPAACISDS_DATA_ERRMOD_INCLUDED

#include "errorbase.hxx"
#include "errmsg.hxx"

#include "importexport.h"
#ifdef __SPAAcisDs
extern EXPORT_SYMBOL message_module spaacisds_data_errmod;

#else
extern IMPORT_SYMBOL message_module spaacisds_data_errmod;

#endif
#define ALREADY_FREE spaacisds_data_errmod.message_code(0)
#define ALREADY_LOST spaacisds_data_errmod.message_code(1)
#define BAD_ENTITY spaacisds_data_errmod.message_code(2)
#define BAD_CURVE spaacisds_data_errmod.message_code(3)
#define BAD_PCURVE spaacisds_data_errmod.message_code(4)
#define BAD_SURFACE spaacisds_data_errmod.message_code(5)
#define BAD_ATTRIB spaacisds_data_errmod.message_code(6)
#define BAD_ALLOC spaacisds_data_errmod.message_code(7)
#define CHANGE_LOST_ENT spaacisds_data_errmod.message_code(8)
#define ILLEGAL_DELETE spaacisds_data_errmod.message_code(9)
#define NULL_ASSIGN spaacisds_data_errmod.message_code(10)
#define NO_ROLLBACK spaacisds_data_errmod.message_code(11)
#define RECORD_TYPE spaacisds_data_errmod.message_code(12)
#define UNTAGGED_INPUT spaacisds_data_errmod.message_code(13)
#define BAD_ATTRIB_TAG spaacisds_data_errmod.message_code(14)
#define BAD_TAG_CREATE spaacisds_data_errmod.message_code(15)
#define ADD_NO_USECOUNT spaacisds_data_errmod.message_code(16)
#define REMOVE_NO_USECOUNT spaacisds_data_errmod.message_code(17)
#define UNKNOWN_SCAN_TYPE spaacisds_data_errmod.message_code(18)
#define ILLEGAL_ENTITY_MODIFICATION spaacisds_data_errmod.message_code(19)
#define ILLEGAL_ENTITY_DATA_ACCESS spaacisds_data_errmod.message_code(20)
#define OWNED_TRANSFORM spaacisds_data_errmod.message_code(21)
#define SAVE_LOST_ENT spaacisds_data_errmod.message_code(22)
#define ATTRIB_LOSE_ERROR spaacisds_data_errmod.message_code(23)

#endif /* SPAACISDS_DATA_ERRMOD_INCLUDED */
