// Error code definitions for module "admhusk/src"

#ifndef ADMHUSK_DS2ACIS_ERRMOD_INCLUDED
#define ADMHUSK_DS2ACIS_ERRMOD_INCLUDED

#include "errorbase.hxx"
#include "errmsg.hxx"

#include "importexport.h"
#ifdef __admhusk
extern EXPORT_SYMBOL message_module admhusk_ds2acis_errmod;

#else
extern IMPORT_SYMBOL message_module admhusk_ds2acis_errmod;

#endif
#define DS_UNKNOWN_ERROR admhusk_ds2acis_errmod.message_code(0)
#define DS_UNLABELLED_ERROR admhusk_ds2acis_errmod.message_code(1)
#define DS_INTERNAL_ERROR admhusk_ds2acis_errmod.message_code(2)
#define DS_BAD_SPLINE_DEGREE admhusk_ds2acis_errmod.message_code(3)
#define DS_HAS_PARENT admhusk_ds2acis_errmod.message_code(4)
#define DS_HAS_CHILD admhusk_ds2acis_errmod.message_code(5)
#define DS_API_NO_ATTRIB_DM2ACIS admhusk_ds2acis_errmod.message_code(6)
#define DS_API_NOT_COMMITED admhusk_ds2acis_errmod.message_code(7)
#define DS_API_NOT_FACE_OR_EDGE admhusk_ds2acis_errmod.message_code(8)
#define DS_API_NOT_IN_HIERARCHY admhusk_ds2acis_errmod.message_code(9)
#define DS_API_BAD_PATCH_DOMAIN admhusk_ds2acis_errmod.message_code(10)
#define DS_API_NOT_A_ROOT_SIBLING admhusk_ds2acis_errmod.message_code(11)
#define DS_DMOD_NOT_IN_A_DMESH admhusk_ds2acis_errmod.message_code(12)
#define DS_API_NOT_A_QUAD_PATCH admhusk_ds2acis_errmod.message_code(13)
#define DS_NO_ROOT_DMOD admhusk_ds2acis_errmod.message_code(14)
#define DS_NO_ACTIVE_DMOD admhusk_ds2acis_errmod.message_code(15)
#define DS_DMOD_NOT_A_ROOT_DMOD admhusk_ds2acis_errmod.message_code(16)
#define DS_UNCONTAINED_CHILD admhusk_ds2acis_errmod.message_code(17)
#define DS_BAD_PATCH_VERTEX admhusk_ds2acis_errmod.message_code(18)
#define DS_PATCH_OCCLUDES_ROOT admhusk_ds2acis_errmod.message_code(19)
#define DS_PATCH_OVERLAPS_SIBLING admhusk_ds2acis_errmod.message_code(20)
#define DS_DMOD_NOT_A_CURVE admhusk_ds2acis_errmod.message_code(21)
#define DS_DMOD_NOT_A_SURFACE admhusk_ds2acis_errmod.message_code(22)
#define DS_CANT_RM_ONLY_ROOT_DMOD admhusk_ds2acis_errmod.message_code(23)
#define DS_CANT_RM_SRC_DMOD admhusk_ds2acis_errmod.message_code(24)
#define DS_NOT_A_ROOT_SIBLING admhusk_ds2acis_errmod.message_code(25)
#define DS_TAG_NOT_A_DMOD_MEMBER admhusk_ds2acis_errmod.message_code(26)
#define DS_NOT_BSPLINE_OR_NURB admhusk_ds2acis_errmod.message_code(27)
#define DS_NOT_A_BSPLINE admhusk_ds2acis_errmod.message_code(28)
#define DS_NOT_A_NURB admhusk_ds2acis_errmod.message_code(29)
#define DS_NOT_A_CIRC admhusk_ds2acis_errmod.message_code(30)
#define DS_DMOD_MISSING_PFUNC admhusk_ds2acis_errmod.message_code(31)
#define DS_DELETE_A_USED_PFUNC admhusk_ds2acis_errmod.message_code(32)
#define DS_TAG_OBJECT_NOT_FOUND admhusk_ds2acis_errmod.message_code(33)
#define DS_TAG_NOT_CRV_CSTRN admhusk_ds2acis_errmod.message_code(34)
#define DS_BAD_DOMAIN_DIM admhusk_ds2acis_errmod.message_code(35)
#define DS_BAD_DOMAIN_PT_RANGE admhusk_ds2acis_errmod.message_code(36)
#define DS_UNEVEN_LINK_SPEEDS admhusk_ds2acis_errmod.message_code(37)
#define DS_NONMONOTONIC_LINK admhusk_ds2acis_errmod.message_code(38)
#define DS_BAD_CIRC_SHAPE admhusk_ds2acis_errmod.message_code(39)
#define DS_BAD_SRC_CURVE_TYPE admhusk_ds2acis_errmod.message_code(40)
#define DS_MISSING_SRC_DATA admhusk_ds2acis_errmod.message_code(41)
#define DS_MIXED_CRV_CSTRN_DIM admhusk_ds2acis_errmod.message_code(42)
#define DS_MIXED_AREA_CSTRN_DIM admhusk_ds2acis_errmod.message_code(43)
#define DS_MIXED_DCRV_DIM admhusk_ds2acis_errmod.message_code(44)
#define DS_MIXED_CRV_LOAD_DIM admhusk_ds2acis_errmod.message_code(45)
#define DS_MIXED_FREE_LOAD_DIM admhusk_ds2acis_errmod.message_code(46)
#define DS_BAD_SRC_PFUNC_MAPPING admhusk_ds2acis_errmod.message_code(47)
#define DS_CSTRN_HAS_NO_SRC_PFUNC admhusk_ds2acis_errmod.message_code(48)
#define DS_BAD_CRV_CSTRN_DIM admhusk_ds2acis_errmod.message_code(49)
#define DS_BAD_CRV_LOAD_DIM admhusk_ds2acis_errmod.message_code(50)
#define DS_BAD_ELLIPSE_RANGE admhusk_ds2acis_errmod.message_code(51)
#define DS_CONFLICTING_CONSTRAINT admhusk_ds2acis_errmod.message_code(52)
#define DS_SOLVE_NEVER_CONVERGED admhusk_ds2acis_errmod.message_code(53)
#define DS_BAD_CSTRN_CHANGE admhusk_ds2acis_errmod.message_code(54)
#define DS_BAD_SRC_TYPE_PARENT admhusk_ds2acis_errmod.message_code(55)
#define DS_BAD_WUV_WVV_VALUES admhusk_ds2acis_errmod.message_code(56)
#define DS_UNSTOPABLE_CSTRN admhusk_ds2acis_errmod.message_code(57)
#define DS_UNDELETABLE_CSTRN admhusk_ds2acis_errmod.message_code(58)
#define DS_NOT_USER_CSTRN admhusk_ds2acis_errmod.message_code(59)
#define DS_LOAD_NOT_CONVERTIBLE admhusk_ds2acis_errmod.message_code(60)
#define DS_CSTRN_NOT_CONVERTIBLE admhusk_ds2acis_errmod.message_code(61)
#define DS_NO_UV_PT_FOR_TAG_OBJ admhusk_ds2acis_errmod.message_code(62)
#define DS_NO_XYZ_PT_FOR_TAG_OBJ admhusk_ds2acis_errmod.message_code(63)
#define DS_PARALLEL_PROJECT_DIR admhusk_ds2acis_errmod.message_code(64)
#define DS_NO_INTERSECTIONS admhusk_ds2acis_errmod.message_code(65)
#define DS_NOT_A_PT_CSTRN admhusk_ds2acis_errmod.message_code(66)
#define DS_NOT_A_CRV_LINK_CSTRN admhusk_ds2acis_errmod.message_code(67)
#define DS_UNINIT_DOMAIN_DIR admhusk_ds2acis_errmod.message_code(68)
#define DS_ZERO_LENGTH_DOMAIN_DIR admhusk_ds2acis_errmod.message_code(69)
#define DS_PARALLEL_DOMAIN_DIRS admhusk_ds2acis_errmod.message_code(70)
#define DS_NEG_CURVATURE_VALUE admhusk_ds2acis_errmod.message_code(71)
#define DS_FACES_NOT_CONNECTED admhusk_ds2acis_errmod.message_code(72)
#define DS_NON_NULL_OUTPUT_PTR admhusk_ds2acis_errmod.message_code(73)
#define DS_NULL_OUTPUT_PTR admhusk_ds2acis_errmod.message_code(74)
#define DS_NULL_INPUT_PTR admhusk_ds2acis_errmod.message_code(75)
#define DS_BAD_TAG_FLAG_VALUE admhusk_ds2acis_errmod.message_code(76)
#define DS_BAD_REFINEMENT_VALUE admhusk_ds2acis_errmod.message_code(77)
#define DS_BAD_CONTINUITY_VALUE admhusk_ds2acis_errmod.message_code(78)
#define DS_BAD_WALK_FLAG_VALUE admhusk_ds2acis_errmod.message_code(79)
#define DS_BAD_DMOD_FLAG_VALUE admhusk_ds2acis_errmod.message_code(80)
#define DS_BAD_CONT_FLAG_VALUE admhusk_ds2acis_errmod.message_code(81)
#define DS_BAD_DT_VALUE admhusk_ds2acis_errmod.message_code(82)
#define DS_BAD_MASS_VALUE admhusk_ds2acis_errmod.message_code(83)
#define DS_BAD_DAMP_VALUE admhusk_ds2acis_errmod.message_code(84)
#define DS_BAD_TAG_VALUE admhusk_ds2acis_errmod.message_code(85)
#define DS_BAD_END_COND_VALUE admhusk_ds2acis_errmod.message_code(86)
#define DS_BAD_SINGULAR_VALUE admhusk_ds2acis_errmod.message_code(87)
#define DS_BAD_NEGATE_FLAG_VALUE admhusk_ds2acis_errmod.message_code(88)
#define DS_BAD_PT_COUNT_VALUE admhusk_ds2acis_errmod.message_code(89)
#define DS_BAD_PT_INDEX_VALUE admhusk_ds2acis_errmod.message_code(90)
#define DS_BAD_CURVATURE_VALUE admhusk_ds2acis_errmod.message_code(91)
#define DS_BAD_CSTRN_VAL_SIZE admhusk_ds2acis_errmod.message_code(92)
#define DS_PARAMETER_OFF_SURFACE admhusk_ds2acis_errmod.message_code(93)
#define DS_BAD_DIR_FLAG_VALUE admhusk_ds2acis_errmod.message_code(94)
#define DS_BAD_MAX_DIST_VALUE admhusk_ds2acis_errmod.message_code(95)
#define DS_BAD_ALPHA_VALUE admhusk_ds2acis_errmod.message_code(96)
#define DS_BAD_BETA_VALUE admhusk_ds2acis_errmod.message_code(97)
#define DS_BAD_DELTA_VALUE admhusk_ds2acis_errmod.message_code(98)
#define DS_ZERO_ALPHA_AND_BETA admhusk_ds2acis_errmod.message_code(99)
#define DS_ZERO_AREA_PATCH admhusk_ds2acis_errmod.message_code(100)
#define DS_BAD_NTGRL_DEGREE_VALUE admhusk_ds2acis_errmod.message_code(101)
#define DS_BAD_IMAGE_DIM_VALUE admhusk_ds2acis_errmod.message_code(102)
#define DS_BAD_DEGREE_VALUE admhusk_ds2acis_errmod.message_code(103)
#define DS_BAD_KNOT_COUNT_VALUE admhusk_ds2acis_errmod.message_code(104)
#define DS_BAD_KNOT_TO_CPT_COUNT admhusk_ds2acis_errmod.message_code(105)
#define DS_BAD_ELEM_COUNT_VALUE admhusk_ds2acis_errmod.message_code(106)
#define DS_BAD_TOLERANCE_VALUE admhusk_ds2acis_errmod.message_code(107)
#define DS_BAD_SHAPE_FLAG_VALUE admhusk_ds2acis_errmod.message_code(108)
#define DS_BAD_INTER_STATE_VALUE admhusk_ds2acis_errmod.message_code(109)
#define DS_BAD_IPT_FLAG_VALUE admhusk_ds2acis_errmod.message_code(110)
#define DS_BAD_STATE_FLAG_VALUE admhusk_ds2acis_errmod.message_code(111)
#define DS_BAD_INC_FLAG_VALUE admhusk_ds2acis_errmod.message_code(112)
#define DS_BAD_GROUP_FLAG_VALUE admhusk_ds2acis_errmod.message_code(113)
#define DS_BAD_SEAM_NUMBER_VALUE admhusk_ds2acis_errmod.message_code(114)
#define DS_BAD_DISP_GAIN_VALUE admhusk_ds2acis_errmod.message_code(115)
#define DS_BAD_DRAW_MESH_VALUE admhusk_ds2acis_errmod.message_code(116)
#define DS_BAD_CASCADE_VALUE admhusk_ds2acis_errmod.message_code(117)
#define DS_BAD_CASCADE_FLAG_VALUE admhusk_ds2acis_errmod.message_code(118)
#define DS_FAILED_FILE_OPEN_READ admhusk_ds2acis_errmod.message_code(119)
#define DS_FAILED_FILE_OPEN_WRITE admhusk_ds2acis_errmod.message_code(120)
#define DS_NOT_A_JOURNAL_FILE admhusk_ds2acis_errmod.message_code(121)
#define DS_DIVERGENT_JOURNAL_RUN admhusk_ds2acis_errmod.message_code(122)
#define DS_TOO_MANY_CPTS admhusk_ds2acis_errmod.message_code(123)
#define DS_NO_GEOMETRY admhusk_ds2acis_errmod.message_code(124)
#define DS_LINK_REQD_ON_EDGE admhusk_ds2acis_errmod.message_code(125)
#define DS_ENTITY_NOT_FACE admhusk_ds2acis_errmod.message_code(126)
#define DS_ENTITY_NOT_EDGE admhusk_ds2acis_errmod.message_code(127)
#define DS_ENTITY_NOT_SPLINE admhusk_ds2acis_errmod.message_code(128)
#define DS_ENTITY_NOT_INTCURVE admhusk_ds2acis_errmod.message_code(129)
#define DS_BAD_ATTRIB_TYPE admhusk_ds2acis_errmod.message_code(130)
#define DS_BAD_LOAD_TYPE admhusk_ds2acis_errmod.message_code(131)
#define DS_BAD_CSTRN_TYPE admhusk_ds2acis_errmod.message_code(132)
#define DS_BAD_DMOD_TYPE admhusk_ds2acis_errmod.message_code(133)
#define DS_BAD_SHAPE_TYPE admhusk_ds2acis_errmod.message_code(134)
#define DS_BAD_BULLETIN_TYPE admhusk_ds2acis_errmod.message_code(135)
#define DS_BAD_PURE_VIRTUAL_CALL admhusk_ds2acis_errmod.message_code(136)
#define DS_BAD_SHAPE_DATA admhusk_ds2acis_errmod.message_code(137)
#define DS_BAD_PATCH_AREA admhusk_ds2acis_errmod.message_code(138)
#define DS_BAD_PATCH_CONTAINMENT admhusk_ds2acis_errmod.message_code(139)
#define DS_BAD_DSMODEL_HIERARCHY admhusk_ds2acis_errmod.message_code(140)
#define DS_BAD_DSGROUP_HIERARCHY admhusk_ds2acis_errmod.message_code(141)
#define DS_NOT_DSGROUP_BASE admhusk_ds2acis_errmod.message_code(142)
#define DS_NO_DSGROUP_ATTRIB admhusk_ds2acis_errmod.message_code(143)
#define DS_NOT_IN_SAME_DSGROUP admhusk_ds2acis_errmod.message_code(144)
#define DS_NOT_IN_SAME_HIERARCHY admhusk_ds2acis_errmod.message_code(145)
#define DS_NOT_PARENT_CHILD admhusk_ds2acis_errmod.message_code(146)
#define DS_BAD_MERGE admhusk_ds2acis_errmod.message_code(147)
#define DS_BAD_CRV_TOLERANCES admhusk_ds2acis_errmod.message_code(148)
#define DS_MIXED_DOMAIN_DIMS admhusk_ds2acis_errmod.message_code(149)
#define DS_MIXED_IMAGE_DIMS admhusk_ds2acis_errmod.message_code(150)
#define DS_BAD_INC_FLAG admhusk_ds2acis_errmod.message_code(151)
#define DS_BAD_SYNTAX_FLAG admhusk_ds2acis_errmod.message_code(152)
#define DS_BAD_CIRC_TAG_FLAG admhusk_ds2acis_errmod.message_code(153)
#define DS_BAD_UNITS_FLAG admhusk_ds2acis_errmod.message_code(154)
#define DS_BAD_CIRC_PARAM_VALUE admhusk_ds2acis_errmod.message_code(155)
#define DS_BAD_SCALE_PARAM_VALUE admhusk_ds2acis_errmod.message_code(156)
#define DS_BAD_DOMAIN_FLAG_VALUE admhusk_ds2acis_errmod.message_code(157)
#define DS_BAD_SHIFT_FLAG_VALUE admhusk_ds2acis_errmod.message_code(158)
#define DS_BAD_ZONE_FLAG_VALUE admhusk_ds2acis_errmod.message_code(159)
#define DS_BAD_CSTRN_BEHAVIOR admhusk_ds2acis_errmod.message_code(160)
#define DS_MULTI_SURF_EXTRAPOLATE admhusk_ds2acis_errmod.message_code(161)
#define DS_BAD_WHICH_DIR_VALUE admhusk_ds2acis_errmod.message_code(162)
#define DS_BAD_TYPE_ID_VALUE admhusk_ds2acis_errmod.message_code(163)
#define DS_NON_BNDRY_QUILT_EDGE admhusk_ds2acis_errmod.message_code(164)
#define DS_INCORRECT_BEHAVIOR_SPECIFIED admhusk_ds2acis_errmod.message_code(165)
#define DS_ARRAY_OUT_OF_BOUNDS admhusk_ds2acis_errmod.message_code(166)
#define DS_TAGOBJ_HAS_NO_PARAM admhusk_ds2acis_errmod.message_code(167)
#define DS_TAGOBJ_NOT_A_CURVE admhusk_ds2acis_errmod.message_code(168)
#define DS_TAGOBJ_NO_SRC_PFUNC_OR_FUNC admhusk_ds2acis_errmod.message_code(169)
#define DS_BAD_POLYGON admhusk_ds2acis_errmod.message_code(170)
#define DS_NON_CONVEX_POLYGON admhusk_ds2acis_errmod.message_code(171)
#define DS_EDGE_BELONGS_TO_FACE admhusk_ds2acis_errmod.message_code(172)
#define DS_1D_PFUNC_RESTORE_FAILURE admhusk_ds2acis_errmod.message_code(173)
#define DS_LOW_DOF_CNT_WARNING admhusk_ds2acis_errmod.message_code(174)
#define DS_NO_DOF_CNT_WARNING admhusk_ds2acis_errmod.message_code(175)
#define DS_CODE_NOT_COMPLETE admhusk_ds2acis_errmod.message_code(176)
#define DS_BAD_ELEM_COUNT admhusk_ds2acis_errmod.message_code(177)
#define DS_BAD_SLIDE_STATE admhusk_ds2acis_errmod.message_code(178)
#define DS_BAD_FIT_FLAG admhusk_ds2acis_errmod.message_code(179)
#define DS_FILLET_RADIUS_TOO_BIG admhusk_ds2acis_errmod.message_code(180)
#define DS_FILLET_RADIUS_NOT_POS admhusk_ds2acis_errmod.message_code(181)
#define DS_BAD_SRC_DATA_TGT_VALUE admhusk_ds2acis_errmod.message_code(182)
#define DS_MULTI_FACE_NOT_SIMPLE admhusk_ds2acis_errmod.message_code(183)
#define DS_MISSING_CRV_CSTRN admhusk_ds2acis_errmod.message_code(184)
#define DS_BSPLN_CONSTRUCT_FAILED admhusk_ds2acis_errmod.message_code(185)
#define DS_PFUNC_CONSTRUCT_FAILED admhusk_ds2acis_errmod.message_code(186)
#define DS_DMOD_CONSTRUCT_FAILED admhusk_ds2acis_errmod.message_code(187)
#define DS_CG_UNCONVERGED admhusk_ds2acis_errmod.message_code(188)
#define DS_SEGMENTER_FAILURE admhusk_ds2acis_errmod.message_code(189)
#define DS_INITIALIZE_FAILURE admhusk_ds2acis_errmod.message_code(190)
#define DS_TERMINATE_FAILURE admhusk_ds2acis_errmod.message_code(191)
#define DS_BAD_GEOM_CONDITION admhusk_ds2acis_errmod.message_code(192)
#define DS_SEG_CALLBACK_NOT_INIT admhusk_ds2acis_errmod.message_code(193)
#define DS_BAD_SURFACE_CORNER_TANGENTS admhusk_ds2acis_errmod.message_code(194)
#define DS_ADMICON_ACIS_ERROR admhusk_ds2acis_errmod.message_code(195)
#define DS_CUSTOMER_ERROR admhusk_ds2acis_errmod.message_code(196)

#endif /* ADMHUSK_DS2ACIS_ERRMOD_INCLUDED */
