// Error code definitions for module "spaacisds/src"

#ifndef SPAACISDS_GSM_ERROR_KERN_ERRMOD_INCLUDED
#define SPAACISDS_GSM_ERROR_KERN_ERRMOD_INCLUDED

#include "errorbase.hxx"
#include "errmsg.hxx"

#include "importexport.h"
#ifdef __SPAAcisDs
extern EXPORT_SYMBOL message_module spaacisds_gsm_error_kern_errmod;

#else
extern IMPORT_SYMBOL message_module spaacisds_gsm_error_kern_errmod;

#endif
#define GSM_INTERNAL_ERROR spaacisds_gsm_error_kern_errmod.message_code(0)
#define GSM_GENERAL_INTERNAL_ERROR spaacisds_gsm_error_kern_errmod.message_code(1)
#define GSM_3_DIM_DOMAIN_REQUIRED spaacisds_gsm_error_kern_errmod.message_code(2)
#define GSM_2_DIM_DOMAIN_REQUIRED spaacisds_gsm_error_kern_errmod.message_code(3)
#define GSM_1_DIM_DOMAIN_REQUIRED spaacisds_gsm_error_kern_errmod.message_code(4)
#define GSM_FUNCTION_NOT_IMP spaacisds_gsm_error_kern_errmod.message_code(5)
#define GSM_MARCH_STEP_G1 spaacisds_gsm_error_kern_errmod.message_code(6)
#define GSM_ERROR_NO_PROGENITOR spaacisds_gsm_error_kern_errmod.message_code(7)
#define GSM_ERROR_NULL_SPRGBCK_SURF_DEF spaacisds_gsm_error_kern_errmod.message_code(8)
#define GSM_ERROR_UNSPECIFIED_DERIV_DIR spaacisds_gsm_error_kern_errmod.message_code(9)
#define GSM_ERROR_UNBD_SURF spaacisds_gsm_error_kern_errmod.message_code(10)
#define GSM_ERROR_DIR_NOT_SPECIFIED spaacisds_gsm_error_kern_errmod.message_code(11)
#define GSM_INT_CUR_NULL spaacisds_gsm_error_kern_errmod.message_code(12)
#define GSM_INT_CUR_REPARAM_ERROR spaacisds_gsm_error_kern_errmod.message_code(13)
#define GSM_SURF_EXTEND_ERROR spaacisds_gsm_error_kern_errmod.message_code(14)
#define GSM_BAD_SAVE_FORMAT spaacisds_gsm_error_kern_errmod.message_code(15)

#endif /* SPAACISDS_GSM_ERROR_KERN_ERRMOD_INCLUDED */
