// Error code definitions for module "spaacisds/src"

#ifndef SPAACISDS_HLC_API_ERRMOD_INCLUDED
#define SPAACISDS_HLC_API_ERRMOD_INCLUDED

#include "errorbase.hxx"
#include "errmsg.hxx"

#include "importexport.h"
#ifdef __SPAAcisDs
extern EXPORT_SYMBOL message_module spaacisds_hlc_api_errmod;

#else
extern IMPORT_SYMBOL message_module spaacisds_hlc_api_errmod;

#endif
#define INCR_NO_COMPLEXITIES spaacisds_hlc_api_errmod.message_code(0)
#define INCR_UNKNOWN_COMPLEXITY spaacisds_hlc_api_errmod.message_code(1)
#define INCR_FAILED spaacisds_hlc_api_errmod.message_code(2)
#define INCR_NO_PROGRESS spaacisds_hlc_api_errmod.message_code(3)
#define INCR_INVALID_OPTIONS spaacisds_hlc_api_errmod.message_code(4)
#define INVALID_OPTIONS_SPECIFICATION spaacisds_hlc_api_errmod.message_code(5)
#define WRAP_MULTI_SHELL spaacisds_hlc_api_errmod.message_code(6)
#define FACE_SAMPLING_ERROR spaacisds_hlc_api_errmod.message_code(7)
#define FACE_SAMPLING_EDGE_OFFSET spaacisds_hlc_api_errmod.message_code(8)
#define FACE_SAMPLING_EDGE_OFFSET_BOOLEAN spaacisds_hlc_api_errmod.message_code(9)
#define FACE_SAMPLING_ISOLINE spaacisds_hlc_api_errmod.message_code(10)
#define FACE_SAMPLING_FACETER spaacisds_hlc_api_errmod.message_code(11)
#define FACE_SAMPLING_WARNING spaacisds_hlc_api_errmod.message_code(12)
#define UNFOLD_WRONG_INPUT spaacisds_hlc_api_errmod.message_code(13)
#define UNFOLD_WRONG_INPUT_EDGE spaacisds_hlc_api_errmod.message_code(14)
#define UNFOLD_WRONG_INPUT_MULTIPLE_SHELL spaacisds_hlc_api_errmod.message_code(15)
#define MKBDYPTS_INSUFFICIENT_POINTS spaacisds_hlc_api_errmod.message_code(16)
#define MKBDYPTS_COLLINEAR_DEGENERATE_POINTS spaacisds_hlc_api_errmod.message_code(17)
#define MKBDYPTS_COVERING_FAILED spaacisds_hlc_api_errmod.message_code(18)

#endif /* SPAACISDS_HLC_API_ERRMOD_INCLUDED */
