// Error code definitions for module "spaacisds/src"

#ifndef SPAACISDS_HLC_WIRE_WRAP_ERRMOD_INCLUDED
#define SPAACISDS_HLC_WIRE_WRAP_ERRMOD_INCLUDED

#include "errorbase.hxx"
#include "errmsg.hxx"

#include "importexport.h"
#ifdef __SPAAcisDs
extern EXPORT_SYMBOL message_module spaacisds_hlc_wire_wrap_errmod;

#else
extern IMPORT_SYMBOL message_module spaacisds_hlc_wire_wrap_errmod;

#endif
#define WRAP_FACES_DISCONNECTED spaacisds_hlc_wire_wrap_errmod.message_code(0)
#define WRAP_EDGE_PROBLEM spaacisds_hlc_wire_wrap_errmod.message_code(1)
#define WRAP_WIRE_OFF_FACES spaacisds_hlc_wire_wrap_errmod.message_code(2)
#define WRAP_INTERNAL_ERROR spaacisds_hlc_wire_wrap_errmod.message_code(3)
#define WRAP_SHEET_NOT_PLANAR spaacisds_hlc_wire_wrap_errmod.message_code(4)
#define WRAP_INVALID_TARGET spaacisds_hlc_wire_wrap_errmod.message_code(5)
#define WRAP_INVALID_TOOL spaacisds_hlc_wire_wrap_errmod.message_code(6)
#define WRAP_POS_NOT_ON_TOOL spaacisds_hlc_wire_wrap_errmod.message_code(7)
#define WRAP_POS_NOT_ON_TARGET spaacisds_hlc_wire_wrap_errmod.message_code(8)
#define WRAP_WIRE_NORMAL_NOT_SUPPLIED spaacisds_hlc_wire_wrap_errmod.message_code(9)
#define WRAP_INVALID_TOOL_DIR spaacisds_hlc_wire_wrap_errmod.message_code(10)
#define WRAP_INVALID_TARGET_DIR spaacisds_hlc_wire_wrap_errmod.message_code(11)
#define WRAP_INVALID_TOOL_DIR_NOR spaacisds_hlc_wire_wrap_errmod.message_code(12)
#define WRAP_TOPOLOGY_COMPLEX spaacisds_hlc_wire_wrap_errmod.message_code(13)
#define WRAP_SHARP_EDGE spaacisds_hlc_wire_wrap_errmod.message_code(14)
#define WRAP_ENGULFS_TARGET spaacisds_hlc_wire_wrap_errmod.message_code(15)
#define WRAP_DIFFICULT_GEOMETRY spaacisds_hlc_wire_wrap_errmod.message_code(16)
#define WRAP_EXPLORATION_FAILED spaacisds_hlc_wire_wrap_errmod.message_code(17)
#define WRAP_CANNOT_WRAP_AS_SHEET spaacisds_hlc_wire_wrap_errmod.message_code(18)
#define WRAP_MESH_SURFACE_FAILURE spaacisds_hlc_wire_wrap_errmod.message_code(19)
#define WRAP_SINGULARITY_FREE_FAILURE spaacisds_hlc_wire_wrap_errmod.message_code(20)
#define WRAP_PARAMETRIZATION_FAILURE spaacisds_hlc_wire_wrap_errmod.message_code(21)
#define WRAP_INTERSECTION_FAILURE spaacisds_hlc_wire_wrap_errmod.message_code(22)

#endif /* SPAACISDS_HLC_WIRE_WRAP_ERRMOD_INCLUDED */
