// Error code definitions for module "spaacisds/src"

#ifndef SPAACISDS_INTRFACE_ERRMOD_INCLUDED
#define SPAACISDS_INTRFACE_ERRMOD_INCLUDED

#include "errorbase.hxx"
#include "errmsg.hxx"

#include "importexport.h"
#ifdef __SPAAcisDs
extern EXPORT_SYMBOL message_module spaacisds_intrface_errmod;

#else
extern IMPORT_SYMBOL message_module spaacisds_intrface_errmod;

#endif
#define RH_CE_NONE spaacisds_intrface_errmod.message_code(0)
#define RH_CE_MISC spaacisds_intrface_errmod.message_code(1)
#define RH_CE_SYSTEM spaacisds_intrface_errmod.message_code(2)
#define RH_CE_READ_FILE spaacisds_intrface_errmod.message_code(3)
#define RH_CE_WRITE_FILE spaacisds_intrface_errmod.message_code(4)
#define RH_CE_INVALID_FILE spaacisds_intrface_errmod.message_code(5)
#define RH_CE_MATHS spaacisds_intrface_errmod.message_code(6)
#define RH_CE_MEMORY spaacisds_intrface_errmod.message_code(7)
#define RH_CE_SHADOW_MEMORY spaacisds_intrface_errmod.message_code(8)
#define RH_CE_INVALID_CALL spaacisds_intrface_errmod.message_code(9)
#define RH_CE_INTERNAL spaacisds_intrface_errmod.message_code(10)
#define RH_CE_SHADOWS_START spaacisds_intrface_errmod.message_code(11)
#define RH_CE_SHADOWS_END spaacisds_intrface_errmod.message_code(12)
#define RH_CE_ENVIRONMENT_START spaacisds_intrface_errmod.message_code(13)
#define RH_CE_ENVIRONMENT_END spaacisds_intrface_errmod.message_code(14)
#define RH_CE_ENVIRONMENT_MEMORY spaacisds_intrface_errmod.message_code(15)
#define RH_CE_TEXTURE_START spaacisds_intrface_errmod.message_code(16)
#define RH_CE_TEXTURE_END spaacisds_intrface_errmod.message_code(17)
#define RH_CE_TEXTURE_MEMORY spaacisds_intrface_errmod.message_code(18)
#define RH_CE_INVALID_SHADER spaacisds_intrface_errmod.message_code(19)
#define RH_IE_UNDEF_ERR spaacisds_intrface_errmod.message_code(20)
#define RH_IE_ARG_LMTEX spaacisds_intrface_errmod.message_code(21)
#define RH_IE_ARG_UNKNOWN spaacisds_intrface_errmod.message_code(22)
#define RH_IE_NULL_HANDLE spaacisds_intrface_errmod.message_code(23)
#define RH_IE_BAD_HANDLE spaacisds_intrface_errmod.message_code(24)
#define RH_IE_CRT_FAIL spaacisds_intrface_errmod.message_code(25)
#define RH_IE_NOT_INIT spaacisds_intrface_errmod.message_code(26)
#define RH_IE_CPY_NULL spaacisds_intrface_errmod.message_code(27)
#define RH_IE_BCLS_CPY spaacisds_intrface_errmod.message_code(28)
#define RH_IE_BCLS_IRES spaacisds_intrface_errmod.message_code(29)
#define RH_IE_BCLS_ISAV spaacisds_intrface_errmod.message_code(30)
#define RH_IE_RST_ERR spaacisds_intrface_errmod.message_code(31)
#define RH_IE_SAV_ERR spaacisds_intrface_errmod.message_code(32)
#define RH_IE_UNKN_RMODE spaacisds_intrface_errmod.message_code(33)
#define RH_IE_UNKN_LIMODE spaacisds_intrface_errmod.message_code(34)
#define RH_IE_UNKN_OMODE spaacisds_intrface_errmod.message_code(35)
#define RH_IE_UNKN_CVAR spaacisds_intrface_errmod.message_code(36)
#define RH_IE_UNKN_LITYPE spaacisds_intrface_errmod.message_code(37)
#define RH_IE_UNKN_FOTYPE spaacisds_intrface_errmod.message_code(38)
#define RH_IE_SHEAR_TRAN spaacisds_intrface_errmod.message_code(39)
#define RH_IE_OP_INTERRUPT spaacisds_intrface_errmod.message_code(40)
#define RH_IE_ENTITY_MISMATCH spaacisds_intrface_errmod.message_code(41)
#define RH_IE_UNKN_SHADER spaacisds_intrface_errmod.message_code(42)
#define RH_IE_UNKN_ARG spaacisds_intrface_errmod.message_code(43)
#define RH_IE_ARG_MISMATCH spaacisds_intrface_errmod.message_code(44)
#define RH_IE_EMAP_SAVRES spaacisds_intrface_errmod.message_code(45)
#define RH_UE_BAD_COLOR_VAL spaacisds_intrface_errmod.message_code(46)
#define RH_UE_BAD_REFLECT_VAL spaacisds_intrface_errmod.message_code(47)
#define RH_UE_BAD_TRANSP_VAL spaacisds_intrface_errmod.message_code(48)
#define RH_NO_COLOR_ASSIGNED spaacisds_intrface_errmod.message_code(49)

#endif /* SPAACISDS_INTRFACE_ERRMOD_INCLUDED */
