// Error code definitions for module "spaacisds/src"

#ifndef SPAACISDS_INTSFSF_ERRMOD_INCLUDED
#define SPAACISDS_INTSFSF_ERRMOD_INCLUDED

#include "errorbase.hxx"
#include "errmsg.hxx"

#include "importexport.h"
#ifdef __SPAAcisDs
extern EXPORT_SYMBOL message_module spaacisds_intsfsf_errmod;

#else
extern IMPORT_SYMBOL message_module spaacisds_intsfsf_errmod;

#endif
#define BAD_ORDER spaacisds_intsfsf_errmod.message_code(0)
#define BAD_TAN_DIR spaacisds_intsfsf_errmod.message_code(1)
#define CROSS_NOT_TAN spaacisds_intsfsf_errmod.message_code(2)
#define INCONS_INT_PTS spaacisds_intsfsf_errmod.message_code(3)
#define INCONS_AUX_INTS spaacisds_intsfsf_errmod.message_code(4)
#define NO_GEN_INT spaacisds_intsfsf_errmod.message_code(5)
#define NO_INT_POINT spaacisds_intsfsf_errmod.message_code(6)
#define NO_SHOULDER spaacisds_intsfsf_errmod.message_code(7)
#define PARTIAL_COINCIDENCE spaacisds_intsfsf_errmod.message_code(8)
#define TOO_MANY_INTS spaacisds_intsfsf_errmod.message_code(9)
#define MISSING_NEIGHBOR_ELEMENT spaacisds_intsfsf_errmod.message_code(10)
#define MESH_HUSK_NOT_LINKED spaacisds_intsfsf_errmod.message_code(11)
#define SEGMENT_REVISITED spaacisds_intsfsf_errmod.message_code(12)
#define DIFFICULT_CONFIGURATION spaacisds_intsfsf_errmod.message_code(13)
#define TRIVIAL_CURVE spaacisds_intsfsf_errmod.message_code(14)
#define TOO_MANY_TERMINATORS spaacisds_intsfsf_errmod.message_code(15)

#endif /* SPAACISDS_INTSFSF_ERRMOD_INCLUDED */
