// Error code definitions for module "spaacisds/src"

#ifndef SPAACISDS_KERN_QUERY_ERRMOD_INCLUDED
#define SPAACISDS_KERN_QUERY_ERRMOD_INCLUDED

#include "errorbase.hxx"
#include "errmsg.hxx"

#include "importexport.h"
#ifdef __SPAAcisDs
extern EXPORT_SYMBOL message_module spaacisds_kern_query_errmod;

#else
extern IMPORT_SYMBOL message_module spaacisds_kern_query_errmod;

#endif
#define DISCONNECTED_EDGES spaacisds_kern_query_errmod.message_code(0)
#define CANT_COMPUTE_EDGE_ARC_LEN spaacisds_kern_query_errmod.message_code(1)
#define NOT_ENOUGH_SAMPLES_REQUESTED spaacisds_kern_query_errmod.message_code(2)
#define NULL_POSITION_ARRAY spaacisds_kern_query_errmod.message_code(3)
#define NON_G1_DISC_NOT_ALLOWED spaacisds_kern_query_errmod.message_code(4)
#define NO_EQUAL_TURNING_ON_FLAT spaacisds_kern_query_errmod.message_code(5)
#define INTERNAL_SAMPLING_EDGES spaacisds_kern_query_errmod.message_code(6)
#define MAX_SAMPLING_LENGTH_EXCEEDED spaacisds_kern_query_errmod.message_code(7)

#endif /* SPAACISDS_KERN_QUERY_ERRMOD_INCLUDED */
