// Error code definitions for module "spaacisds/src"

#ifndef SPAACISDS_MAIN_LAW_ERRMOD_INCLUDED
#define SPAACISDS_MAIN_LAW_ERRMOD_INCLUDED

#include "errorbase.hxx"
#include "errmsg.hxx"

#include "importexport.h"
#ifdef __SPAAcisDs
extern EXPORT_SYMBOL message_module spaacisds_main_law_errmod;

#else
extern IMPORT_SYMBOL message_module spaacisds_main_law_errmod;

#endif
#define LAW_EVAL spaacisds_main_law_errmod.message_code(0)
#define LAW_DERIV spaacisds_main_law_errmod.message_code(1)
#define LAW_EVALS spaacisds_main_law_errmod.message_code(2)
#define LAW_EVALV spaacisds_main_law_errmod.message_code(3)
#define LAW_EVALV_ONE spaacisds_main_law_errmod.message_code(4)
#define LAW_EVALVM spaacisds_main_law_errmod.message_code(5)
#define LAW_EVALDV spaacisds_main_law_errmod.message_code(6)
#define LAW_EVALDV_ONE spaacisds_main_law_errmod.message_code(7)
#define LAW_EVALMMAT spaacisds_main_law_errmod.message_code(8)
#define LAW_EVALMT spaacisds_main_law_errmod.message_code(9)
#define LAW_SYMBOL spaacisds_main_law_errmod.message_code(10)
#define LAW_DL_NUM spaacisds_main_law_errmod.message_code(11)
#define LAW_TL_NUM spaacisds_main_law_errmod.message_code(12)
#define LAW_TL_SYNTAX spaacisds_main_law_errmod.message_code(13)
#define LAW_DOT_NUM spaacisds_main_law_errmod.message_code(14)
#define LAW_CROSS_NUM spaacisds_main_law_errmod.message_code(15)
#define LAW_TWIST_NUM spaacisds_main_law_errmod.message_code(16)
#define LAW_BASE_C spaacisds_main_law_errmod.message_code(17)
#define LAW_BASE_P spaacisds_main_law_errmod.message_code(18)
#define LAW_STEP_NUM spaacisds_main_law_errmod.message_code(19)
#define LAW_STEP_ODD spaacisds_main_law_errmod.message_code(20)
#define LAW_STEP_ORDER spaacisds_main_law_errmod.message_code(21)
#define LAW_MR_NUM spaacisds_main_law_errmod.message_code(22)
#define LAW_MR spaacisds_main_law_errmod.message_code(23)
#define LAW_DATA_UNKNOWN spaacisds_main_law_errmod.message_code(24)
#define LAW_SYNTAX spaacisds_main_law_errmod.message_code(25)
#define LAW_TIMES spaacisds_main_law_errmod.message_code(26)
#define LAW_DIVISION spaacisds_main_law_errmod.message_code(27)
#define LAW_DATA_SAVE spaacisds_main_law_errmod.message_code(28)
#define LAW_DATA_CURVE spaacisds_main_law_errmod.message_code(29)
#define LAW_DATA_WIRE spaacisds_main_law_errmod.message_code(30)
#define LAW_NO_SAVE spaacisds_main_law_errmod.message_code(31)
#define LAW_SAVE_APPROX spaacisds_main_law_errmod.message_code(32)
#define LAW_BAD_RAIL_LAW spaacisds_main_law_errmod.message_code(33)
#define LAW_BAD_DOMAN spaacisds_main_law_errmod.message_code(34)
#define LAW_BAD_RANGE spaacisds_main_law_errmod.message_code(35)
#define LAW_TEST spaacisds_main_law_errmod.message_code(36)
#define LAW_ARCCOS spaacisds_main_law_errmod.message_code(37)
#define LAW_ARCSIN spaacisds_main_law_errmod.message_code(38)
#define LAW_ARCSEC spaacisds_main_law_errmod.message_code(39)
#define LAW_ARCCSC spaacisds_main_law_errmod.message_code(40)
#define LAW_LN spaacisds_main_law_errmod.message_code(41)
#define LAW_LOG spaacisds_main_law_errmod.message_code(42)
#define LAW_SQRT spaacisds_main_law_errmod.message_code(43)
#define LAW_TAN spaacisds_main_law_errmod.message_code(44)
#define LAW_SEC spaacisds_main_law_errmod.message_code(45)
#define LAW_COT spaacisds_main_law_errmod.message_code(46)
#define LAW_CSC spaacisds_main_law_errmod.message_code(47)
#define LAW_COTH spaacisds_main_law_errmod.message_code(48)
#define LAW_CSCH spaacisds_main_law_errmod.message_code(49)
#define LAW_ARCCOSH spaacisds_main_law_errmod.message_code(50)
#define LAW_ARCTANH spaacisds_main_law_errmod.message_code(51)
#define LAW_ARCSECH spaacisds_main_law_errmod.message_code(52)
#define LAW_ARCCOTH spaacisds_main_law_errmod.message_code(53)
#define LAW_ARCCSCH spaacisds_main_law_errmod.message_code(54)
#define LAW_BAD_BOUNDS spaacisds_main_law_errmod.message_code(55)
#define LAWS_WARP_INCONSISTENT spaacisds_main_law_errmod.message_code(56)
#define LAW_LHOSPITAL spaacisds_main_law_errmod.message_code(57)
#define LAW_VARIABLE_RETURN spaacisds_main_law_errmod.message_code(58)
#define LAW_DATA_PCURVE spaacisds_main_law_errmod.message_code(59)
#define LAW_BAD_UNIT_VECTOR spaacisds_main_law_errmod.message_code(60)
#define LAW_EXPONENT spaacisds_main_law_errmod.message_code(61)
#define GRAPH_BAD_EDGE spaacisds_main_law_errmod.message_code(62)
#define GRAPH_MISS_VERTEX spaacisds_main_law_errmod.message_code(63)
#define GRAPH_MISS_EDGE spaacisds_main_law_errmod.message_code(64)
#define LAW_DIM spaacisds_main_law_errmod.message_code(65)
#define LAW_BEND_PARALLEL spaacisds_main_law_errmod.message_code(66)
#define LAW_DEEP_COPY spaacisds_main_law_errmod.message_code(67)
#define LAW_MULTI_CURVE_DOM spaacisds_main_law_errmod.message_code(68)
#define LAW_NO_INTR spaacisds_main_law_errmod.message_code(69)
#define COULD_NOT_FILLET spaacisds_main_law_errmod.message_code(70)
#define LAW_NO_BSPLINE spaacisds_main_law_errmod.message_code(71)
#define BAD_SPIRAL_START spaacisds_main_law_errmod.message_code(72)
#define SWEEP_SELF_INT spaacisds_main_law_errmod.message_code(73)
#define SW_SURFACE_EVAL spaacisds_main_law_errmod.message_code(74)
#define NO_SW_EVAL_CURVATURE spaacisds_main_law_errmod.message_code(75)
#define NO_SW_LENGTH_PARAM spaacisds_main_law_errmod.message_code(76)
#define NO_SW_LENGTH spaacisds_main_law_errmod.message_code(77)
#define NO_SW_POINT_PERP spaacisds_main_law_errmod.message_code(78)
#define SW_CURVE_EVAL_DERIV spaacisds_main_law_errmod.message_code(79)
#define BAD_SINGULARITIES spaacisds_main_law_errmod.message_code(80)
#define BS_ACCURACY spaacisds_main_law_errmod.message_code(81)
#define SW_BAD_ORDER spaacisds_main_law_errmod.message_code(82)
#define SW_BAD_WEIGHTS spaacisds_main_law_errmod.message_code(83)
#define BAD_LAW_USE_COUNT spaacisds_main_law_errmod.message_code(84)
#define BAD_LAW_DATA_USE_COUNT spaacisds_main_law_errmod.message_code(85)
#define BAD_GVERTEX_COUNT spaacisds_main_law_errmod.message_code(86)
#define BAD_GEDGE_COUNT spaacisds_main_law_errmod.message_code(87)
#define BAD_GRAPH_COUNT spaacisds_main_law_errmod.message_code(88)
#define LAW_SCALE_NUM spaacisds_main_law_errmod.message_code(89)
#define LAW_POS_NUM spaacisds_main_law_errmod.message_code(90)
#define LAW_VEC_NUM spaacisds_main_law_errmod.message_code(91)
#define LAW_NORM spaacisds_main_law_errmod.message_code(92)
#define LAW_MAKE_APPROX_FAILED spaacisds_main_law_errmod.message_code(93)
#define LAW_EVALUATE_FAILED spaacisds_main_law_errmod.message_code(94)
#define CHAMFER_WIRE_VERTEX_SUPPORT spaacisds_main_law_errmod.message_code(95)
#define LAW_CREATE_FAILED spaacisds_main_law_errmod.message_code(96)
#define LAW_MISSING_SINGULARITIES spaacisds_main_law_errmod.message_code(97)
#define BAD_EDGE_PARAMS spaacisds_main_law_errmod.message_code(98)

#endif /* SPAACISDS_MAIN_LAW_ERRMOD_INCLUDED */
