// Error code definitions for module "spaacisds/src"

#ifndef SPAACISDS_MESH_ERRMOD_INCLUDED
#define SPAACISDS_MESH_ERRMOD_INCLUDED

#include "errorbase.hxx"
#include "errmsg.hxx"

#include "importexport.h"
#ifdef __SPAAcisDs
extern EXPORT_SYMBOL message_module spaacisds_mesh_errmod;

#else
extern IMPORT_SYMBOL message_module spaacisds_mesh_errmod;

#endif
#define CANT_FIND_NEW_TRI spaacisds_mesh_errmod.message_code(0)
#define CURVE_REMESH_NOT_IMPL spaacisds_mesh_errmod.message_code(1)
#define UNKNOWN_ELEMENT spaacisds_mesh_errmod.message_code(2)
#define FREE_NODE_OFF_SIDE spaacisds_mesh_errmod.message_code(3)
#define MISSING_SURF_ATT spaacisds_mesh_errmod.message_code(4)
#define OFF_SIDE_AND_NODE spaacisds_mesh_errmod.message_code(5)
#define CANT_BUILD_ELEM_LOOP spaacisds_mesh_errmod.message_code(6)
#define LEFTOVER_STUFF_IN_REMESH spaacisds_mesh_errmod.message_code(7)
#define START_END_NULL spaacisds_mesh_errmod.message_code(8)
#define CANT_SUBDIV_SPA_MESH_ELEM spaacisds_mesh_errmod.message_code(9)

#endif /* SPAACISDS_MESH_ERRMOD_INCLUDED */
