// Error code definitions for module "spaacisds/src"

#ifndef SPAACISDS_RBI_ERRMOD_INCLUDED
#define SPAACISDS_RBI_ERRMOD_INCLUDED

#include "errorbase.hxx"
#include "errmsg.hxx"

#include "importexport.h"
#ifdef __SPAAcisDs
extern EXPORT_SYMBOL message_module spaacisds_rbi_errmod;

#else
extern IMPORT_SYMBOL message_module spaacisds_rbi_errmod;

#endif
#define RBI_NO_BODY spaacisds_rbi_errmod.message_code(0)
#define RBI_BAD_FACE spaacisds_rbi_errmod.message_code(1)
#define RBI_NON_MANIFOLD spaacisds_rbi_errmod.message_code(2)
#define RBI_FREE_EDGE spaacisds_rbi_errmod.message_code(3)
#define RBI_INTERNAL spaacisds_rbi_errmod.message_code(4)
#define RBI_BAD_OP_ON_ATT spaacisds_rbi_errmod.message_code(5)
#define RBI_NOT_IMPLEMENTED spaacisds_rbi_errmod.message_code(6)
#define RBI_NOT_IMPLEMENTED_FOR_CELL spaacisds_rbi_errmod.message_code(7)
#define RBI_IRREP_FACE_LOOP spaacisds_rbi_errmod.message_code(8)
#define RBI_NO_LUMP_LEFT spaacisds_rbi_errmod.message_code(9)
#define RBI_NOT_4_COEDGES spaacisds_rbi_errmod.message_code(10)
#define RBI_SELF_INT_FACE spaacisds_rbi_errmod.message_code(11)
#define RBI_POLY_NOT_SUPPORTED spaacisds_rbi_errmod.message_code(12)
#define RBI_INTERNAL_ERROR spaacisds_rbi_errmod.message_code(13)
#define RBI_NO_FACE spaacisds_rbi_errmod.message_code(14)
#define RBI_NO_SOLUTION spaacisds_rbi_errmod.message_code(15)
#define RBI_BAD_BOX spaacisds_rbi_errmod.message_code(16)
#define RBI_NO_MERGE_EDGE_LOST spaacisds_rbi_errmod.message_code(17)
#define RBI_INVERTED_FACES_NOT_ALLOWED spaacisds_rbi_errmod.message_code(18)
#define RBI_REMOTE_FACE_INTR spaacisds_rbi_errmod.message_code(19)

#endif /* SPAACISDS_RBI_ERRMOD_INCLUDED */
