// Error code definitions for module "spaacisds/src"

#ifndef SPAACISDS_RTCHECKS_ERRMOD_INCLUDED
#define SPAACISDS_RTCHECKS_ERRMOD_INCLUDED

#include "errorbase.hxx"
#include "errmsg.hxx"

#include "importexport.h"
#ifdef __SPAAcisDs
extern EXPORT_SYMBOL message_module spaacisds_rtchecks_errmod;

#else
extern IMPORT_SYMBOL message_module spaacisds_rtchecks_errmod;

#endif
#define EXCEEDED_STACK_LIMIT spaacisds_rtchecks_errmod.message_code(0)
#define EXCESSIVE_RECURSION spaacisds_rtchecks_errmod.message_code(1)
#define UNREASONABLE_ARG spaacisds_rtchecks_errmod.message_code(2)
#define ALGORITHM_TRAP spaacisds_rtchecks_errmod.message_code(3)
#define MISMATCHED_API_MACROS spaacisds_rtchecks_errmod.message_code(4)
#define DEPRECATED_FUNCTION spaacisds_rtchecks_errmod.message_code(5)
#define PENDING_FP_EXCEPTION_CLEARED spaacisds_rtchecks_errmod.message_code(6)
#define CALLED_DURING_STATIC_INIT spaacisds_rtchecks_errmod.message_code(7)
#define NOT_CALLED_DURING_STATIC_INIT spaacisds_rtchecks_errmod.message_code(8)
#define ASSERTION_FAILED spaacisds_rtchecks_errmod.message_code(9)
#define BAD_FILE_FORMAT spaacisds_rtchecks_errmod.message_code(10)
#define BAD_FILE_POINTER spaacisds_rtchecks_errmod.message_code(11)

#endif /* SPAACISDS_RTCHECKS_ERRMOD_INCLUDED */
