// Error code definitions for module "spaacisds/src"

#ifndef SPAACISDS_SKIN_ERRMOD_INCLUDED
#define SPAACISDS_SKIN_ERRMOD_INCLUDED

#include "errorbase.hxx"
#include "errmsg.hxx"

#include "importexport.h"
#ifdef __SPAAcisDs
extern EXPORT_SYMBOL message_module spaacisds_skin_errmod;

#else
extern IMPORT_SYMBOL message_module spaacisds_skin_errmod;

#endif
#define SKIN_BAD_UV_VALUE spaacisds_skin_errmod.message_code(0)
#define SKIN_G1_DISCONT_LOFT spaacisds_skin_errmod.message_code(1)
#define SKIN_BAD_LOFT_DIR spaacisds_skin_errmod.message_code(2)
#define SKIN_BAD_UV_SKIN_DIR spaacisds_skin_errmod.message_code(3)
#define SKIN_PATH_PROFILE_NO_INT spaacisds_skin_errmod.message_code(4)
#define SKIN_PATH_PROFILE_NO_PERP spaacisds_skin_errmod.message_code(5)
#define SKIN_PATH_INT_CROSS spaacisds_skin_errmod.message_code(6)
#define SKIN_MULTI_LOOP_FACE spaacisds_skin_errmod.message_code(7)
#define SKIN_NO_LOOP_FACE spaacisds_skin_errmod.message_code(8)
#define SKIN_FACE_HAS_SEAM spaacisds_skin_errmod.message_code(9)
#define SKIN_NO_PATH spaacisds_skin_errmod.message_code(10)
#define SKIN_DIFF_PATH_TANGENT spaacisds_skin_errmod.message_code(11)
#define SKIN_LOFT_LAW_NO_BOUNDS spaacisds_skin_errmod.message_code(12)
#define SKIN_LOFT_LAW_NON_FINITE_BOUNDS spaacisds_skin_errmod.message_code(13)
#define SKIN_LOFT_LAW_NOT_SINGLE spaacisds_skin_errmod.message_code(14)
#define SKIN_LOFT_LAW_NOT_3D spaacisds_skin_errmod.message_code(15)
#define SKIN_LOFT_RAD_CUR_LESS_RESFIT spaacisds_skin_errmod.message_code(16)
#define SKIN_SOLID_NOT_MADE spaacisds_skin_errmod.message_code(17)
#define SKIN_OPEN_PROFILE_NOT_SUPPORTED spaacisds_skin_errmod.message_code(18)
#define SKIN_COEDGES_NOT_IN_ORDER spaacisds_skin_errmod.message_code(19)
#define SKIN_TOO_FEW_COEDGE_LISTS spaacisds_skin_errmod.message_code(20)
#define SKIN_COINCIDENT_COEDGES spaacisds_skin_errmod.message_code(21)
#define SKIN_NOT_ORIENTED spaacisds_skin_errmod.message_code(22)
#define SKIN_IDENTICAL_POSITIONS spaacisds_skin_errmod.message_code(23)
#define SKIN_WIRES_NOT_ALIGNED spaacisds_skin_errmod.message_code(24)
#define SKIN_NOT_STITCHABLE_LOFT spaacisds_skin_errmod.message_code(25)
#define SKIN_BAD_MAPPING_CURVE spaacisds_skin_errmod.message_code(26)
#define SKIN_BAD_GUIDE_CURVE spaacisds_skin_errmod.message_code(27)
#define SKIN_ZERO_TANGENT_FACTOR spaacisds_skin_errmod.message_code(28)
#define SKIN_GUIDE_NOT_INTERSECT spaacisds_skin_errmod.message_code(29)
#define SKIN_GUIDE_CURVE_CROSSES spaacisds_skin_errmod.message_code(30)
#define SKIN_MAPPING_CURVE_INTERSECTION spaacisds_skin_errmod.message_code(31)
#define SKIN_MAPPING_CURVE_OFF_PROFILES spaacisds_skin_errmod.message_code(32)
#define SKIN_MAPPING_CURVES_ON_NONCLOSED_PROFILES spaacisds_skin_errmod.message_code(33)
#define SKIN_VIRTUAL_OPT_BUT_NO_GUIDE spaacisds_skin_errmod.message_code(34)
#define SKIN_CANNOT_GET_MAPPING_CURVE spaacisds_skin_errmod.message_code(35)
#define SKIN_ALIGN_NONPLANAR spaacisds_skin_errmod.message_code(36)
#define SKIN_BAD_WIRE_NORMAL spaacisds_skin_errmod.message_code(37)
#define SKIN_NO_NORMAL spaacisds_skin_errmod.message_code(38)
#define SKIN_RULED_SURFACE_NOT_MADE spaacisds_skin_errmod.message_code(39)
#define SKIN_BAD_WIRES spaacisds_skin_errmod.message_code(40)
#define SKIN_BAD_BOOLEAN_BRANCH spaacisds_skin_errmod.message_code(41)
#define SKIN_BAD_BOOLEAN_TRUNK spaacisds_skin_errmod.message_code(42)
#define SKIN_BAD_BREAKUP spaacisds_skin_errmod.message_code(43)
#define SKIN_POINTS_NOT_ALLOWED spaacisds_skin_errmod.message_code(44)
#define SKIN_CLOSED_GUIDE_NOT_ALLOWED spaacisds_skin_errmod.message_code(45)
#define SKIN_CORRUPT_GUIDE_CURVE spaacisds_skin_errmod.message_code(46)
#define SKIN_GUIDE_NOT_START_STOP spaacisds_skin_errmod.message_code(47)
#define SKIN_NO_SIMPLIFY_ON_DRAFT spaacisds_skin_errmod.message_code(48)
#define SKIN_WRONG_ARC_OPTION spaacisds_skin_errmod.message_code(49)
#define SKIN_WRONG_NTW_OPTION spaacisds_skin_errmod.message_code(50)
#define SKIN_WRONG_ALI_OPTION spaacisds_skin_errmod.message_code(51)
#define SKIN_WRONG_PERP_OPTION spaacisds_skin_errmod.message_code(52)
#define SKIN_WRONG_SIM_OPTION spaacisds_skin_errmod.message_code(53)
#define SKIN_WRONG_CLO_OPTION spaacisds_skin_errmod.message_code(54)
#define SKIN_WRONG_SOL_OPTION spaacisds_skin_errmod.message_code(55)
#define SKIN_WRONG_PDC_OPTION spaacisds_skin_errmod.message_code(56)
#define SKIN_WRONG_VGS_OPTION spaacisds_skin_errmod.message_code(57)
#define SKIN_WRONG_MERGE_OPTION spaacisds_skin_errmod.message_code(58)
#define SKIN_WRONG_TANFACS_OPTION spaacisds_skin_errmod.message_code(59)
#define SKIN_WRONG_BREAKUP_OPTION spaacisds_skin_errmod.message_code(60)
#define SKIN_WRONG_NO_TWIST_VERTS_OPTION spaacisds_skin_errmod.message_code(61)
#define SKIN_VERTEX_NOT_FOUND spaacisds_skin_errmod.message_code(62)
#define SKIN_BAD_FACE_LOFT spaacisds_skin_errmod.message_code(63)
#define SKIN_BREAKUP_FORCED spaacisds_skin_errmod.message_code(64)
#define SKIN_REDUNDANT_TWIST_VERTEX spaacisds_skin_errmod.message_code(65)
#define SKIN_ALL_FACES_BAD spaacisds_skin_errmod.message_code(66)
#define SKIN_BAD_VECTORS_AND_MAGNITUDES spaacisds_skin_errmod.message_code(67)
#define SKIN_GUIDE_TRIMMED spaacisds_skin_errmod.message_code(68)
#define SKIN_LARGE_TOLERANCE spaacisds_skin_errmod.message_code(69)
#define SKIN_PROFILE_INTERSECTION spaacisds_skin_errmod.message_code(70)
#define SKIN_SELF_INTERSECTION spaacisds_skin_errmod.message_code(71)
#define SKIN_WRONG_UV_OPTION spaacisds_skin_errmod.message_code(72)
#define SKIN_WRONG_ALU_OPTION spaacisds_skin_errmod.message_code(73)
#define SKIN_WRONG_PPS_OPTION spaacisds_skin_errmod.message_code(74)
#define SKIN_GUIDE_NOT_G1 spaacisds_skin_errmod.message_code(75)
#define SKIN_GAP_FAILED spaacisds_skin_errmod.message_code(76)
#define SKIN_GAP_TYPE_CHANGED spaacisds_skin_errmod.message_code(77)
#define SKIN_BAD_WIRE_FORM_ONE spaacisds_skin_errmod.message_code(78)
#define SKIN_TOO_FEW_PROFILES spaacisds_skin_errmod.message_code(79)
#define SKIN_SMOOTH_GEOMETRY_CHANGE spaacisds_skin_errmod.message_code(80)
#define SKIN_STITCH_TO_SECTION_FAILED spaacisds_skin_errmod.message_code(81)
#define SKIN_TWIST_OPTION_NOT_SUPPORTED spaacisds_skin_errmod.message_code(82)

#endif /* SPAACISDS_SKIN_ERRMOD_INCLUDED */
