// Error code definitions for module "spaacisds/src"

#ifndef SPAACISDS_SPLSUR_ERRMOD_INCLUDED
#define SPAACISDS_SPLSUR_ERRMOD_INCLUDED

#include "errorbase.hxx"
#include "errmsg.hxx"

#include "importexport.h"
#ifdef __SPAAcisDs
extern EXPORT_SYMBOL message_module spaacisds_splsur_errmod;

#else
extern IMPORT_SYMBOL message_module spaacisds_splsur_errmod;

#endif
#define NO_QUADRATIC_ROOTS spaacisds_splsur_errmod.message_code(0)
#define OLD_PIPE_SPLSUR spaacisds_splsur_errmod.message_code(1)
#define OLD_ROT_SPLSUR spaacisds_splsur_errmod.message_code(2)
#define OLD_SUM_SPLSUR spaacisds_splsur_errmod.message_code(3)
#define OLD_TUBE_SPLSUR spaacisds_splsur_errmod.message_code(4)
#define SPLINE_SAVE_AS_EXACT spaacisds_splsur_errmod.message_code(5)
#define SPLINE_SAVE_FAILURE spaacisds_splsur_errmod.message_code(6)
#define SHEAR_TUBE spaacisds_splsur_errmod.message_code(7)
#define SWEEP_UNBOUNDED spaacisds_splsur_errmod.message_code(8)
#define NO_SPLINE_APPROX spaacisds_splsur_errmod.message_code(9)
#define ILLEGAL_SURFACE spaacisds_splsur_errmod.message_code(10)
#define BL_UNEXP_FAILURE spaacisds_splsur_errmod.message_code(11)
#define BAD_EDM_OFFSET_SURFACE spaacisds_splsur_errmod.message_code(12)
#define RESULT_NON_G0 spaacisds_splsur_errmod.message_code(13)

#endif /* SPAACISDS_SPLSUR_ERRMOD_INCLUDED */
