// Error code definitions for module "spaacisds/src"

#ifndef SPAACISDS_SPRINGBACK_ERRMOD_INCLUDED
#define SPAACISDS_SPRINGBACK_ERRMOD_INCLUDED

#include "errorbase.hxx"
#include "errmsg.hxx"

#include "importexport.h"
#ifdef __SPAAcisDs
extern EXPORT_SYMBOL message_module spaacisds_springback_errmod;

#else
extern IMPORT_SYMBOL message_module spaacisds_springback_errmod;

#endif
#define SPRING_BACK_BDRY_PLANE_NORMAL_NOT_ORTHOG spaacisds_springback_errmod.message_code(0)
#define SPRING_BACK_BDRY_PLANE_NORMAL_TOO_SMALL spaacisds_springback_errmod.message_code(1)
#define SPRING_BACK_INTERNAL_ERROR spaacisds_springback_errmod.message_code(2)
#define SPRING_BACK_DEF_ALREADY_FINALIZED spaacisds_springback_errmod.message_code(3)
#define BAD_WARP_FUNCTION spaacisds_springback_errmod.message_code(4)
#define INVALID_CONSTRAINT_TYPE spaacisds_springback_errmod.message_code(5)
#define INVALID_SHAPING_CONSTRAINT spaacisds_springback_errmod.message_code(6)
#define INVALID_CONSTRAINT_WIRE spaacisds_springback_errmod.message_code(7)
#define INVALID_CONSTRAINT_WIRE_TOP spaacisds_springback_errmod.message_code(8)
#define NO_CONSTRAINT spaacisds_springback_errmod.message_code(9)
#define BODY_OUTSIDE_SPRING_BACK_DEF spaacisds_springback_errmod.message_code(10)
#define POINTS_OUTSIDE_SPRING_BACK_DEF spaacisds_springback_errmod.message_code(11)
#define SPRING_BACK_DEF_NOT_FINALIZED spaacisds_springback_errmod.message_code(12)
#define PROBLEMATIC_SURFACE spaacisds_springback_errmod.message_code(13)

#endif /* SPAACISDS_SPRINGBACK_ERRMOD_INCLUDED */
