// Error code definitions for module "spaacisds/src"

#ifndef SPAACISDS_TOP_ERRMOD_INCLUDED
#define SPAACISDS_TOP_ERRMOD_INCLUDED

#include "errorbase.hxx"
#include "errmsg.hxx"

#include "importexport.h"
#ifdef __SPAAcisDs
extern EXPORT_SYMBOL message_module spaacisds_top_errmod;

#else
extern IMPORT_SYMBOL message_module spaacisds_top_errmod;

#endif
#define OLD_DOUBLE_SIDE spaacisds_top_errmod.message_code(0)
#define OLD_EDGE_PARAM spaacisds_top_errmod.message_code(1)
#define OLD_INSIDE_WIRE spaacisds_top_errmod.message_code(2)
#define OLD_MULTI_LUMP spaacisds_top_errmod.message_code(3)
#define OLD_SHELL_WIRE spaacisds_top_errmod.message_code(4)
#define EDGE_NO_VERT spaacisds_top_errmod.message_code(5)
#define COEDGE_NO_EDGE spaacisds_top_errmod.message_code(6)
#define TCOEDGE_NO_PCURVE spaacisds_top_errmod.message_code(7)
#define OLD_WIRE_FORMAT spaacisds_top_errmod.message_code(8)
#define COEDGE_PARTNERS_NOT_CONNECTED spaacisds_top_errmod.message_code(9)
#define EDGE_NO_CURVE spaacisds_top_errmod.message_code(10)

#endif /* SPAACISDS_TOP_ERRMOD_INCLUDED */
