// Error code definitions for module "spaacisds/src"

#ifndef SPAACISDS_VRBLN_ERRMOD_INCLUDED
#define SPAACISDS_VRBLN_ERRMOD_INCLUDED

#include "errorbase.hxx"
#include "errmsg.hxx"

#include "importexport.h"
#ifdef __SPAAcisDs
extern EXPORT_SYMBOL message_module spaacisds_vrbln_errmod;

#else
extern IMPORT_SYMBOL message_module spaacisds_vrbln_errmod;

#endif
#define UNRECOGNIZED_RADIUS_FORM spaacisds_vrbln_errmod.message_code(0)
#define BL_RADIUS_CALIBRATION spaacisds_vrbln_errmod.message_code(1)
#define BL_MARCH_FAILED spaacisds_vrbln_errmod.message_code(2)
#define BL_GEOM_CONSTRUCTION_FAILED spaacisds_vrbln_errmod.message_code(3)
#define BL_NO_DEF_CURVE spaacisds_vrbln_errmod.message_code(4)
#define BL_NO_BLEND_EDGE spaacisds_vrbln_errmod.message_code(5)
#define BL_EMPTY_MARCH_INT spaacisds_vrbln_errmod.message_code(6)
#define BL_BAD_SLICES spaacisds_vrbln_errmod.message_code(7)
#define BAD_VAR_BLEND spaacisds_vrbln_errmod.message_code(8)
#define BAD_SAVE_FORMAT spaacisds_vrbln_errmod.message_code(9)
#define BL_NEG_RADIUS spaacisds_vrbln_errmod.message_code(10)
#define VRB_SAVE_APPROX spaacisds_vrbln_errmod.message_code(11)
#define BL_ILLEGAL_VBL_SUR spaacisds_vrbln_errmod.message_code(12)
#define BL_BAD_CURVATURE_CURVE spaacisds_vrbln_errmod.message_code(13)
#define BL_DISCONT_CURVATURE_CURVE spaacisds_vrbln_errmod.message_code(14)
#define BL_NEG_XSECT_WEIGHT spaacisds_vrbln_errmod.message_code(15)

#endif /* SPAACISDS_VRBLN_ERRMOD_INCLUDED */
